<?xml version="1.0" encoding="UTF-8"?>
<coverage generated="1710095374901" clover="3.2.0">
  <project timestamp="1710095374901" name="All files">
    <metrics statements="219" coveredstatements="120" conditionals="79" coveredconditionals="35" methods="41" coveredmethods="27" elements="339" coveredelements="182" complexity="0" loc="219" ncloc="219" packages="1" files="12" classes="12"/>
    <file name="buttons.ts" path="/Users/pavelmakarov/Desktop/gameOfLife_test/gameOfLife/src/buttons.ts">
      <metrics statements="89" coveredstatements="28" conditionals="30" coveredconditionals="8" methods="12" coveredmethods="5"/>
      <line num="3" count="1" type="stmt"/>
      <line num="4" count="1" type="stmt"/>
      <line num="7" count="6" type="stmt"/>
      <line num="8" count="6" type="stmt"/>
      <line num="11" count="6" type="cond" truecount="1" falsecount="1"/>
      <line num="12" count="6" type="stmt"/>
      <line num="14" count="6" type="cond" truecount="1" falsecount="1"/>
      <line num="15" count="6" type="stmt"/>
      <line num="16" count="0" type="stmt"/>
      <line num="17" count="0" type="cond" truecount="0" falsecount="2"/>
      <line num="18" count="0" type="stmt"/>
      <line num="20" count="0" type="stmt"/>
      <line num="21" count="0" type="stmt"/>
      <line num="22" count="0" type="stmt"/>
      <line num="23" count="0" type="stmt"/>
      <line num="25" count="0" type="stmt"/>
      <line num="26" count="0" type="stmt"/>
      <line num="27" count="0" type="stmt"/>
      <line num="28" count="0" type="stmt"/>
      <line num="29" count="0" type="stmt"/>
      <line num="30" count="0" type="stmt"/>
      <line num="31" count="0" type="stmt"/>
      <line num="38" count="6" type="stmt"/>
      <line num="41" count="6" type="stmt"/>
      <line num="42" count="6" type="cond" truecount="1" falsecount="1"/>
      <line num="43" count="6" type="stmt"/>
      <line num="44" count="0" type="stmt"/>
      <line num="45" count="0" type="cond" truecount="0" falsecount="2"/>
      <line num="46" count="0" type="stmt"/>
      <line num="48" count="0" type="stmt"/>
      <line num="49" count="0" type="stmt"/>
      <line num="50" count="0" type="stmt"/>
      <line num="51" count="0" type="stmt"/>
      <line num="58" count="6" type="stmt"/>
      <line num="59" count="6" type="stmt"/>
      <line num="62" count="6" type="cond" truecount="1" falsecount="1"/>
      <line num="63" count="6" type="stmt"/>
      <line num="65" count="6" type="cond" truecount="1" falsecount="1"/>
      <line num="66" count="6" type="stmt"/>
      <line num="67" count="0" type="stmt"/>
      <line num="68" count="0" type="cond" truecount="0" falsecount="2"/>
      <line num="69" count="0" type="stmt"/>
      <line num="71" count="0" type="stmt"/>
      <line num="72" count="0" type="stmt"/>
      <line num="73" count="0" type="stmt"/>
      <line num="79" count="6" type="stmt"/>
      <line num="80" count="6" type="stmt"/>
      <line num="83" count="6" type="cond" truecount="1" falsecount="1"/>
      <line num="84" count="6" type="stmt"/>
      <line num="86" count="6" type="cond" truecount="1" falsecount="1"/>
      <line num="87" count="6" type="stmt"/>
      <line num="88" count="0" type="stmt"/>
      <line num="89" count="0" type="cond" truecount="0" falsecount="2"/>
      <line num="90" count="0" type="stmt"/>
      <line num="92" count="0" type="stmt"/>
      <line num="93" count="0" type="stmt"/>
      <line num="94" count="0" type="stmt"/>
      <line num="95" count="0" type="stmt"/>
      <line num="96" count="0" type="stmt"/>
      <line num="97" count="0" type="stmt"/>
      <line num="98" count="0" type="stmt"/>
      <line num="99" count="0" type="stmt"/>
      <line num="100" count="0" type="stmt"/>
      <line num="101" count="0" type="stmt"/>
      <line num="102" count="0" type="stmt"/>
      <line num="103" count="0" type="stmt"/>
      <line num="105" count="0" type="stmt"/>
      <line num="115" count="6" type="stmt"/>
      <line num="116" count="6" type="stmt"/>
      <line num="119" count="6" type="stmt"/>
      <line num="122" count="6" type="cond" truecount="1" falsecount="1"/>
      <line num="123" count="0" type="stmt"/>
      <line num="125" count="0" type="stmt"/>
      <line num="127" count="0" type="stmt"/>
      <line num="128" count="0" type="stmt"/>
      <line num="129" count="0" type="stmt"/>
      <line num="130" count="0" type="stmt"/>
      <line num="131" count="0" type="stmt"/>
      <line num="132" count="0" type="stmt"/>
      <line num="133" count="0" type="stmt"/>
      <line num="134" count="0" type="stmt"/>
      <line num="135" count="0" type="stmt"/>
      <line num="136" count="0" type="cond" truecount="0" falsecount="4"/>
      <line num="137" count="0" type="cond" truecount="0" falsecount="2"/>
      <line num="138" count="0" type="stmt"/>
      <line num="140" count="0" type="stmt"/>
      <line num="143" count="0" type="stmt"/>
      <line num="147" count="0" type="stmt"/>
      <line num="148" count="0" type="stmt"/>
    </file>
    <file name="createGameOfLife.ts" path="/Users/pavelmakarov/Desktop/gameOfLife_test/gameOfLife/src/createGameOfLife.ts">
      <metrics statements="71" coveredstatements="43" conditionals="16" coveredconditionals="5" methods="14" coveredmethods="8"/>
      <line num="18" count="6" type="stmt"/>
      <line num="19" count="6" type="stmt"/>
      <line num="20" count="6" type="stmt"/>
      <line num="21" count="6" type="stmt"/>
      <line num="22" count="6" type="stmt"/>
      <line num="24" count="6" type="stmt"/>
      <line num="25" count="6" type="stmt"/>
      <line num="26" count="60" type="stmt"/>
      <line num="27" count="6" type="stmt"/>
      <line num="28" count="6" type="stmt"/>
      <line num="29" count="6" type="stmt"/>
      <line num="30" count="6" type="stmt"/>
      <line num="31" count="6" type="stmt"/>
      <line num="32" count="6" type="stmt"/>
      <line num="35" count="6" type="stmt"/>
      <line num="36" count="6" type="cond" truecount="1" falsecount="1"/>
      <line num="37" count="6" type="stmt"/>
      <line num="38" count="0" type="cond" truecount="0" falsecount="2"/>
      <line num="39" count="0" type="stmt"/>
      <line num="40" count="0" type="stmt"/>
      <line num="42" count="0" type="stmt"/>
      <line num="44" count="0" type="stmt"/>
      <line num="45" count="0" type="stmt"/>
      <line num="47" count="0" type="stmt"/>
      <line num="52" count="6" type="stmt"/>
      <line num="54" count="6" type="stmt"/>
      <line num="55" count="6" type="cond" truecount="1" falsecount="1"/>
      <line num="56" count="6" type="stmt"/>
      <line num="57" count="0" type="cond" truecount="0" falsecount="4"/>
      <line num="58" count="0" type="stmt"/>
      <line num="59" count="0" type="stmt"/>
      <line num="61" count="0" type="stmt"/>
      <line num="62" count="0" type="cond" truecount="0" falsecount="2"/>
      <line num="63" count="0" type="stmt"/>
      <line num="64" count="0" type="stmt"/>
      <line num="66" count="0" type="stmt"/>
      <line num="71" count="6" type="stmt"/>
      <line num="73" count="0" type="stmt"/>
      <line num="74" count="0" type="stmt"/>
      <line num="76" count="0" type="stmt"/>
      <line num="78" count="0" type="stmt"/>
      <line num="80" count="6" type="stmt"/>
      <line num="81" count="6" type="stmt"/>
      <line num="82" count="0" type="stmt"/>
      <line num="83" count="0" type="stmt"/>
      <line num="84" count="0" type="stmt"/>
      <line num="86" count="6" type="stmt"/>
      <line num="87" count="6" type="stmt"/>
      <line num="88" count="0" type="stmt"/>
      <line num="89" count="0" type="stmt"/>
      <line num="90" count="0" type="stmt"/>
      <line num="92" count="6" type="stmt"/>
      <line num="93" count="6" type="stmt"/>
      <line num="94" count="0" type="stmt"/>
      <line num="95" count="0" type="stmt"/>
      <line num="96" count="0" type="stmt"/>
      <line num="99" count="4" type="stmt"/>
      <line num="100" count="4" type="stmt"/>
      <line num="101" count="4" type="stmt"/>
      <line num="105" count="4" type="stmt"/>
      <line num="106" count="4" type="stmt"/>
      <line num="107" count="4" type="stmt"/>
      <line num="108" count="3" type="stmt"/>
      <line num="109" count="3" type="stmt"/>
      <line num="110" count="3" type="cond" truecount="1" falsecount="1"/>
      <line num="111" count="3" type="stmt"/>
      <line num="112" count="3" type="stmt"/>
      <line num="116" count="6" type="stmt"/>
      <line num="117" count="5" type="cond" truecount="2" falsecount="0"/>
      <line num="118" count="4" type="stmt"/>
      <line num="120" count="1" type="stmt"/>
    </file>
    <file name="drawField.ts" path="/Users/pavelmakarov/Desktop/gameOfLife_test/gameOfLife/src/drawField.ts">
      <metrics statements="20" coveredstatements="11" conditionals="17" coveredconditionals="7" methods="4" coveredmethods="3"/>
      <line num="4" count="3" type="stmt"/>
      <line num="5" count="5" type="stmt"/>
      <line num="7" count="11" type="stmt"/>
      <line num="12" count="11" type="cond" truecount="5" falsecount="0"/>
      <line num="13" count="3" type="stmt"/>
      <line num="19" count="8" type="cond" truecount="2" falsecount="0"/>
      <line num="20" count="1" type="stmt"/>
      <line num="26" count="7" type="stmt"/>
      <line num="34" count="3" type="stmt"/>
      <line num="36" count="3" type="stmt"/>
      <line num="38" count="3" type="stmt"/>
      <line num="39" count="0" type="stmt"/>
      <line num="41" count="0" type="stmt"/>
      <line num="43" count="0" type="stmt"/>
      <line num="44" count="0" type="cond" truecount="0" falsecount="4"/>
      <line num="45" count="0" type="cond" truecount="0" falsecount="2"/>
      <line num="47" count="0" type="cond" truecount="0" falsecount="4"/>
      <line num="48" count="0" type="stmt"/>
      <line num="52" count="0" type="stmt"/>
      <line num="54" count="0" type="stmt"/>
    </file>
    <file name="gameInit.ts" path="/Users/pavelmakarov/Desktop/gameOfLife_test/gameOfLife/src/gameInit.ts">
      <metrics statements="1" coveredstatements="1" conditionals="0" coveredconditionals="0" methods="1" coveredmethods="1"/>
      <line num="2" count="6" type="stmt"/>
    </file>
    <file name="getCellState.ts" path="/Users/pavelmakarov/Desktop/gameOfLife_test/gameOfLife/src/getCellState.ts">
      <metrics statements="7" coveredstatements="7" conditionals="4" coveredconditionals="4" methods="1" coveredmethods="1"/>
      <line num="2" count="2788" type="stmt"/>
      <line num="3" count="2788" type="cond" truecount="2" falsecount="0"/>
      <line num="4" count="210" type="stmt"/>
      <line num="6" count="2578" type="stmt"/>
      <line num="7" count="2578" type="cond" truecount="2" falsecount="0"/>
      <line num="8" count="186" type="stmt"/>
      <line num="10" count="2392" type="stmt"/>
    </file>
    <file name="getNewCellState.ts" path="/Users/pavelmakarov/Desktop/gameOfLife_test/gameOfLife/src/getNewCellState.ts">
      <metrics statements="7" coveredstatements="7" conditionals="10" coveredconditionals="10" methods="1" coveredmethods="1"/>
      <line num="5" count="318" type="cond" truecount="2" falsecount="0"/>
      <line num="6" count="2" type="stmt"/>
      <line num="8" count="316" type="cond" truecount="4" falsecount="0"/>
      <line num="9" count="314" type="stmt"/>
      <line num="11" count="2" type="cond" truecount="4" falsecount="0"/>
      <line num="12" count="1" type="stmt"/>
      <line num="14" count="1" type="stmt"/>
    </file>
    <file name="getNextState.ts" path="/Users/pavelmakarov/Desktop/gameOfLife_test/gameOfLife/src/getNextState.ts">
      <metrics statements="6" coveredstatements="6" conditionals="0" coveredconditionals="0" methods="3" coveredmethods="3"/>
      <line num="6" count="3" type="stmt"/>
      <line num="7" count="30" type="stmt"/>
      <line num="8" count="300" type="stmt"/>
      <line num="9" count="300" type="stmt"/>
      <line num="10" count="300" type="stmt"/>
      <line num="11" count="300" type="stmt"/>
    </file>
    <file name="getNumOfAliveNeighbours.ts" path="/Users/pavelmakarov/Desktop/gameOfLife_test/gameOfLife/src/getNumOfAliveNeighbours.ts">
      <metrics statements="8" coveredstatements="8" conditionals="0" coveredconditionals="0" methods="1" coveredmethods="1"/>
      <line num="8" count="311" type="stmt"/>
      <line num="10" count="311" type="stmt"/>
      <line num="11" count="933" type="stmt"/>
      <line num="14" count="311" type="stmt"/>
      <line num="15" count="933" type="stmt"/>
      <line num="18" count="311" type="stmt"/>
      <line num="19" count="311" type="stmt"/>
      <line num="21" count="311" type="stmt"/>
    </file>
    <file name="gosperGliderGun.ts" path="/Users/pavelmakarov/Desktop/gameOfLife_test/gameOfLife/src/gosperGliderGun.ts">
      <metrics statements="1" coveredstatements="1" conditionals="0" coveredconditionals="0" methods="1" coveredmethods="1"/>
      <line num="2" count="1" type="stmt"/>
    </file>
    <file name="isAnyoneAlive.ts" path="/Users/pavelmakarov/Desktop/gameOfLife_test/gameOfLife/src/isAnyoneAlive.ts">
      <metrics statements="7" coveredstatements="6" conditionals="2" coveredconditionals="1" methods="1" coveredmethods="1"/>
      <line num="2" count="3" type="stmt"/>
      <line num="3" count="30" type="stmt"/>
      <line num="4" count="30" type="stmt"/>
      <line num="5" count="300" type="stmt"/>
      <line num="6" count="300" type="cond" truecount="1" falsecount="1"/>
      <line num="7" count="0" type="stmt"/>
      <line num="11" count="3" type="stmt"/>
    </file>
    <file name="locomotive.ts" path="/Users/pavelmakarov/Desktop/gameOfLife_test/gameOfLife/src/locomotive.ts">
      <metrics statements="1" coveredstatements="1" conditionals="0" coveredconditionals="0" methods="1" coveredmethods="1"/>
      <line num="2" count="1" type="stmt"/>
    </file>
    <file name="virus.ts" path="/Users/pavelmakarov/Desktop/gameOfLife_test/gameOfLife/src/virus.ts">
      <metrics statements="1" coveredstatements="1" conditionals="0" coveredconditionals="0" methods="1" coveredmethods="1"/>
      <line num="2" count="1" type="stmt"/>
    </file>
  </project>
</coverage>
