<?xml version="1.0" encoding="UTF-8"?>
<coverage generated="1709818959625" clover="3.2.0">
  <project timestamp="1709818959625" name="All files">
    <metrics statements="168" coveredstatements="116" conditionals="69" coveredconditionals="43" methods="40" coveredmethods="21" elements="277" coveredelements="180" complexity="0" loc="168" ncloc="168" packages="1" files="10" classes="10"/>
    <file name="createGameOfLife.ts" path="/Users/pavelmakarov/Desktop/gameOfLife_test/gameOfLife/src/createGameOfLife.ts">
      <metrics statements="114" coveredstatements="71" conditionals="42" coveredconditionals="21" methods="26" coveredmethods="11"/>
      <line num="9" count="6" type="stmt"/>
      <line num="10" count="6" type="stmt"/>
      <line num="11" count="6" type="stmt"/>
      <line num="12" count="6" type="stmt"/>
      <line num="13" count="6" type="stmt"/>
      <line num="14" count="6" type="stmt"/>
      <line num="16" count="6" type="stmt"/>
      <line num="28" count="6" type="stmt"/>
      <line num="29" count="6" type="stmt"/>
      <line num="30" count="60" type="stmt"/>
      <line num="33" count="6" type="cond" truecount="2" falsecount="0"/>
      <line num="34" count="6" type="stmt"/>
      <line num="37" count="6" type="stmt"/>
      <line num="39" count="6" type="stmt"/>
      <line num="42" count="6" type="stmt"/>
      <line num="45" count="6" type="stmt"/>
      <line num="47" count="6" type="cond" truecount="1" falsecount="1"/>
      <line num="48" count="6" type="cond" truecount="3" falsecount="1"/>
      <line num="49" count="6" type="stmt"/>
      <line num="54" count="6" type="cond" truecount="1" falsecount="1"/>
      <line num="55" count="6" type="cond" truecount="3" falsecount="1"/>
      <line num="56" count="6" type="stmt"/>
      <line num="60" count="6" type="stmt"/>
      <line num="61" count="6" type="stmt"/>
      <line num="62" count="6" type="stmt"/>
      <line num="63" count="6" type="cond" truecount="1" falsecount="1"/>
      <line num="64" count="6" type="stmt"/>
      <line num="65" count="0" type="stmt"/>
      <line num="66" count="0" type="stmt"/>
      <line num="67" count="0" type="stmt"/>
      <line num="68" count="0" type="stmt"/>
      <line num="71" count="6" type="stmt"/>
      <line num="72" count="6" type="cond" truecount="1" falsecount="1"/>
      <line num="73" count="6" type="stmt"/>
      <line num="74" count="0" type="stmt"/>
      <line num="75" count="0" type="stmt"/>
      <line num="76" count="0" type="stmt"/>
      <line num="77" count="0" type="stmt"/>
      <line num="80" count="6" type="stmt"/>
      <line num="81" count="6" type="cond" truecount="1" falsecount="1"/>
      <line num="82" count="6" type="stmt"/>
      <line num="83" count="0" type="stmt"/>
      <line num="84" count="0" type="stmt"/>
      <line num="85" count="0" type="stmt"/>
      <line num="86" count="0" type="stmt"/>
      <line num="89" count="6" type="stmt"/>
      <line num="90" count="6" type="cond" truecount="1" falsecount="1"/>
      <line num="91" count="6" type="stmt"/>
      <line num="92" count="0" type="stmt"/>
      <line num="93" count="0" type="stmt"/>
      <line num="94" count="0" type="stmt"/>
      <line num="95" count="0" type="stmt"/>
      <line num="101" count="0" type="stmt"/>
      <line num="103" count="0" type="stmt"/>
      <line num="104" count="0" type="stmt"/>
      <line num="105" count="0" type="stmt"/>
      <line num="107" count="6" type="stmt"/>
      <line num="108" count="6" type="cond" truecount="1" falsecount="1"/>
      <line num="109" count="6" type="stmt"/>
      <line num="110" count="0" type="stmt"/>
      <line num="113" count="6" type="stmt"/>
      <line num="114" count="6" type="cond" truecount="1" falsecount="1"/>
      <line num="115" count="6" type="stmt"/>
      <line num="116" count="0" type="stmt"/>
      <line num="121" count="6" type="stmt"/>
      <line num="122" count="6" type="cond" truecount="1" falsecount="1"/>
      <line num="123" count="6" type="stmt"/>
      <line num="124" count="0" type="cond" truecount="0" falsecount="2"/>
      <line num="125" count="0" type="stmt"/>
      <line num="126" count="0" type="stmt"/>
      <line num="128" count="0" type="stmt"/>
      <line num="130" count="0" type="stmt"/>
      <line num="131" count="0" type="stmt"/>
      <line num="133" count="0" type="stmt"/>
      <line num="138" count="6" type="stmt"/>
      <line num="140" count="6" type="stmt"/>
      <line num="141" count="6" type="cond" truecount="1" falsecount="1"/>
      <line num="142" count="6" type="stmt"/>
      <line num="143" count="0" type="cond" truecount="0" falsecount="4"/>
      <line num="144" count="0" type="stmt"/>
      <line num="145" count="0" type="stmt"/>
      <line num="147" count="0" type="stmt"/>
      <line num="148" count="0" type="cond" truecount="0" falsecount="2"/>
      <line num="149" count="0" type="stmt"/>
      <line num="150" count="0" type="stmt"/>
      <line num="152" count="0" type="stmt"/>
      <line num="157" count="6" type="stmt"/>
      <line num="158" count="6" type="stmt"/>
      <line num="159" count="6" type="stmt"/>
      <line num="160" count="0" type="stmt"/>
      <line num="161" count="0" type="stmt"/>
      <line num="163" count="6" type="stmt"/>
      <line num="164" count="6" type="stmt"/>
      <line num="165" count="0" type="stmt"/>
      <line num="166" count="0" type="stmt"/>
      <line num="168" count="6" type="stmt"/>
      <line num="169" count="6" type="stmt"/>
      <line num="170" count="0" type="stmt"/>
      <line num="171" count="0" type="stmt"/>
      <line num="174" count="4" type="stmt"/>
      <line num="175" count="4" type="stmt"/>
      <line num="176" count="4" type="stmt"/>
      <line num="181" count="4" type="stmt"/>
      <line num="182" count="4" type="stmt"/>
      <line num="184" count="4" type="stmt"/>
      <line num="192" count="3" type="stmt"/>
      <line num="193" count="3" type="stmt"/>
      <line num="194" count="3" type="cond" truecount="1" falsecount="1"/>
      <line num="195" count="3" type="stmt"/>
      <line num="196" count="3" type="stmt"/>
      <line num="200" count="6" type="stmt"/>
      <line num="201" count="5" type="cond" truecount="2" falsecount="0"/>
      <line num="202" count="4" type="stmt"/>
      <line num="204" count="1" type="stmt"/>
    </file>
    <file name="drawField.ts" path="/Users/pavelmakarov/Desktop/gameOfLife_test/gameOfLife/src/drawField.ts">
      <metrics statements="16" coveredstatements="11" conditionals="11" coveredconditionals="7" methods="4" coveredmethods="3"/>
      <line num="8" count="3" type="stmt"/>
      <line num="9" count="5" type="stmt"/>
      <line num="11" count="11" type="stmt"/>
      <line num="16" count="11" type="cond" truecount="5" falsecount="0"/>
      <line num="17" count="3" type="stmt"/>
      <line num="23" count="8" type="cond" truecount="2" falsecount="0"/>
      <line num="24" count="1" type="stmt"/>
      <line num="30" count="7" type="stmt"/>
      <line num="38" count="3" type="stmt"/>
      <line num="40" count="3" type="stmt"/>
      <line num="42" count="3" type="stmt"/>
      <line num="43" count="0" type="stmt"/>
      <line num="45" count="0" type="stmt"/>
      <line num="47" count="0" type="stmt"/>
      <line num="48" count="0" type="cond" truecount="0" falsecount="4"/>
      <line num="49" count="0" type="stmt"/>
    </file>
    <file name="getCellState.ts" path="/Users/pavelmakarov/Desktop/gameOfLife_test/gameOfLife/src/getCellState.ts">
      <metrics statements="7" coveredstatements="7" conditionals="4" coveredconditionals="4" methods="1" coveredmethods="1"/>
      <line num="2" count="2788" type="stmt"/>
      <line num="3" count="2788" type="cond" truecount="2" falsecount="0"/>
      <line num="4" count="210" type="stmt"/>
      <line num="6" count="2578" type="stmt"/>
      <line num="7" count="2578" type="cond" truecount="2" falsecount="0"/>
      <line num="8" count="186" type="stmt"/>
      <line num="10" count="2392" type="stmt"/>
    </file>
    <file name="getNewCellState.ts" path="/Users/pavelmakarov/Desktop/gameOfLife_test/gameOfLife/src/getNewCellState.ts">
      <metrics statements="7" coveredstatements="7" conditionals="10" coveredconditionals="10" methods="1" coveredmethods="1"/>
      <line num="5" count="318" type="cond" truecount="2" falsecount="0"/>
      <line num="6" count="2" type="stmt"/>
      <line num="8" count="316" type="cond" truecount="4" falsecount="0"/>
      <line num="9" count="314" type="stmt"/>
      <line num="11" count="2" type="cond" truecount="4" falsecount="0"/>
      <line num="12" count="1" type="stmt"/>
      <line num="14" count="1" type="stmt"/>
    </file>
    <file name="getNextState.ts" path="/Users/pavelmakarov/Desktop/gameOfLife_test/gameOfLife/src/getNextState.ts">
      <metrics statements="6" coveredstatements="6" conditionals="0" coveredconditionals="0" methods="3" coveredmethods="3"/>
      <line num="6" count="3" type="stmt"/>
      <line num="7" count="30" type="stmt"/>
      <line num="8" count="300" type="stmt"/>
      <line num="9" count="300" type="stmt"/>
      <line num="10" count="300" type="stmt"/>
      <line num="11" count="300" type="stmt"/>
    </file>
    <file name="getNumOfAliveNeighbours.ts" path="/Users/pavelmakarov/Desktop/gameOfLife_test/gameOfLife/src/getNumOfAliveNeighbours.ts">
      <metrics statements="8" coveredstatements="8" conditionals="0" coveredconditionals="0" methods="1" coveredmethods="1"/>
      <line num="8" count="311" type="stmt"/>
      <line num="10" count="311" type="stmt"/>
      <line num="11" count="933" type="stmt"/>
      <line num="14" count="311" type="stmt"/>
      <line num="15" count="933" type="stmt"/>
      <line num="18" count="311" type="stmt"/>
      <line num="19" count="311" type="stmt"/>
      <line num="21" count="311" type="stmt"/>
    </file>
    <file name="gosperGliderGun.ts" path="/Users/pavelmakarov/Desktop/gameOfLife_test/gameOfLife/src/gosperGliderGun.ts">
      <metrics statements="1" coveredstatements="0" conditionals="0" coveredconditionals="0" methods="1" coveredmethods="0"/>
      <line num="2" count="0" type="stmt"/>
    </file>
    <file name="isAnyoneAlive.ts" path="/Users/pavelmakarov/Desktop/gameOfLife_test/gameOfLife/src/isAnyoneAlive.ts">
      <metrics statements="7" coveredstatements="6" conditionals="2" coveredconditionals="1" methods="1" coveredmethods="1"/>
      <line num="2" count="3" type="stmt"/>
      <line num="3" count="30" type="stmt"/>
      <line num="4" count="30" type="stmt"/>
      <line num="5" count="300" type="stmt"/>
      <line num="6" count="300" type="cond" truecount="1" falsecount="1"/>
      <line num="7" count="0" type="stmt"/>
      <line num="11" count="3" type="stmt"/>
    </file>
    <file name="locomotive.ts" path="/Users/pavelmakarov/Desktop/gameOfLife_test/gameOfLife/src/locomotive.ts">
      <metrics statements="1" coveredstatements="0" conditionals="0" coveredconditionals="0" methods="1" coveredmethods="0"/>
      <line num="2" count="0" type="stmt"/>
    </file>
    <file name="virus.ts" path="/Users/pavelmakarov/Desktop/gameOfLife_test/gameOfLife/src/virus.ts">
      <metrics statements="1" coveredstatements="0" conditionals="0" coveredconditionals="0" methods="1" coveredmethods="0"/>
      <line num="2" count="0" type="stmt"/>
    </file>
  </project>
</coverage>
