{
  "/Users/pavelmakarov/Desktop/gameOfLife_test/gameOfLife/src/createGameOfLife.ts": {
    "path": "/Users/pavelmakarov/Desktop/gameOfLife_test/gameOfLife/src/createGameOfLife.ts",
    "statementMap": {
      "0": {
        "start": { "line": 9, "column": 31 },
        "end": { "line": 9, "column": 36 }
      },
      "1": {
        "start": { "line": 10, "column": 61 },
        "end": { "line": 10, "column": 65 }
      },
      "2": {
        "start": { "line": 11, "column": 23 },
        "end": { "line": 11, "column": 27 }
      },
      "3": {
        "start": { "line": 12, "column": 26 },
        "end": { "line": 12, "column": 30 }
      },
      "4": {
        "start": { "line": 13, "column": 24 },
        "end": { "line": 13, "column": 26 }
      },
      "5": {
        "start": { "line": 14, "column": 21 },
        "end": { "line": 14, "column": 23 }
      },
      "6": {
        "start": { "line": 15, "column": 2 },
        "end": { "line": 15, "column": 34 }
      },
      "7": {
        "start": { "line": 17, "column": 4 },
        "end": { "line": 17, "column": 47 }
      },
      "8": {
        "start": { "line": 18, "column": 33 },
        "end": { "line": 18, "column": 68 }
      },
      "9": {
        "start": { "line": 19, "column": 26 },
        "end": { "line": 21, "column": 3 }
      },
      "10": {
        "start": { "line": 20, "column": 4 },
        "end": { "line": 20, "column": 26 }
      },
      "11": {
        "start": { "line": 23, "column": 2 },
        "end": { "line": 23, "column": 34 }
      },
      "12": {
        "start": { "line": 25, "column": 23 },
        "end": { "line": 27, "column": 30 }
      },
      "13": {
        "start": { "line": 28, "column": 20 },
        "end": { "line": 30, "column": 30 }
      },
      "14": {
        "start": { "line": 31, "column": 23 },
        "end": { "line": 31, "column": 59 }
      },
      "15": {
        "start": { "line": 33, "column": 4 },
        "end": { "line": 37, "column": 5 }
      },
      "16": {
        "start": { "line": 34, "column": 6 },
        "end": { "line": 36, "column": 7 }
      },
      "17": {
        "start": { "line": 35, "column": 8 },
        "end": { "line": 35, "column": 48 }
      },
      "18": {
        "start": { "line": 40, "column": 4 },
        "end": { "line": 44, "column": 5 }
      },
      "19": {
        "start": { "line": 41, "column": 6 },
        "end": { "line": 43, "column": 7 }
      },
      "20": {
        "start": { "line": 42, "column": 8 },
        "end": { "line": 42, "column": 42 }
      },
      "21": {
        "start": { "line": 46, "column": 2 },
        "end": { "line": 46, "column": 22 }
      },
      "22": {
        "start": { "line": 47, "column": 2 },
        "end": { "line": 47, "column": 19 }
      },
      "23": {
        "start": { "line": 48, "column": 29 },
        "end": { "line": 48, "column": 71 }
      },
      "24": {
        "start": { "line": 49, "column": 2 },
        "end": { "line": 56, "column": 3 }
      },
      "25": {
        "start": { "line": 50, "column": 4 },
        "end": { "line": 55, "column": 7 }
      },
      "26": {
        "start": { "line": 51, "column": 6 },
        "end": { "line": 51, "column": 16 }
      },
      "27": {
        "start": { "line": 52, "column": 6 },
        "end": { "line": 52, "column": 26 }
      },
      "28": {
        "start": { "line": 53, "column": 6 },
        "end": { "line": 53, "column": 34 }
      },
      "29": {
        "start": { "line": 53, "column": 24 },
        "end": { "line": 53, "column": 32 }
      },
      "30": {
        "start": { "line": 54, "column": 6 },
        "end": { "line": 54, "column": 38 }
      },
      "31": {
        "start": { "line": 57, "column": 28 },
        "end": { "line": 57, "column": 69 }
      },
      "32": {
        "start": { "line": 58, "column": 2 },
        "end": { "line": 65, "column": 3 }
      },
      "33": {
        "start": { "line": 59, "column": 4 },
        "end": { "line": 64, "column": 7 }
      },
      "34": {
        "start": { "line": 60, "column": 6 },
        "end": { "line": 60, "column": 16 }
      },
      "35": {
        "start": { "line": 61, "column": 6 },
        "end": { "line": 61, "column": 26 }
      },
      "36": {
        "start": { "line": 62, "column": 6 },
        "end": { "line": 62, "column": 36 }
      },
      "37": {
        "start": { "line": 62, "column": 24 },
        "end": { "line": 62, "column": 34 }
      },
      "38": {
        "start": { "line": 63, "column": 6 },
        "end": { "line": 63, "column": 38 }
      },
      "39": {
        "start": { "line": 66, "column": 26 },
        "end": { "line": 66, "column": 65 }
      },
      "40": {
        "start": { "line": 67, "column": 2 },
        "end": { "line": 74, "column": 3 }
      },
      "41": {
        "start": { "line": 68, "column": 4 },
        "end": { "line": 73, "column": 7 }
      },
      "42": {
        "start": { "line": 69, "column": 6 },
        "end": { "line": 69, "column": 13 }
      },
      "43": {
        "start": { "line": 70, "column": 6 },
        "end": { "line": 70, "column": 23 }
      },
      "44": {
        "start": { "line": 71, "column": 6 },
        "end": { "line": 71, "column": 18 }
      },
      "45": {
        "start": { "line": 72, "column": 6 },
        "end": { "line": 72, "column": 38 }
      },
      "46": {
        "start": { "line": 75, "column": 25 },
        "end": { "line": 75, "column": 63 }
      },
      "47": {
        "start": { "line": 76, "column": 2 },
        "end": { "line": 83, "column": 3 }
      },
      "48": {
        "start": { "line": 77, "column": 4 },
        "end": { "line": 82, "column": 7 }
      },
      "49": {
        "start": { "line": 78, "column": 6 },
        "end": { "line": 78, "column": 13 }
      },
      "50": {
        "start": { "line": 79, "column": 6 },
        "end": { "line": 79, "column": 23 }
      },
      "51": {
        "start": { "line": 80, "column": 6 },
        "end": { "line": 80, "column": 41 }
      },
      "52": {
        "start": { "line": 81, "column": 6 },
        "end": { "line": 81, "column": 38 }
      },
      "53": {
        "start": { "line": 87, "column": 4 },
        "end": { "line": 87, "column": 27 }
      },
      "54": {
        "start": { "line": 89, "column": 4 },
        "end": { "line": 89, "column": 33 }
      },
      "55": {
        "start": { "line": 90, "column": 33 },
        "end": { "line": 90, "column": 35 }
      },
      "56": {
        "start": { "line": 91, "column": 25 },
        "end": { "line": 91, "column": 37 }
      },
      "57": {
        "start": { "line": 92, "column": 28 },
        "end": { "line": 92, "column": 43 }
      },
      "58": {
        "start": { "line": 93, "column": 4 },
        "end": { "line": 108, "column": 5 }
      },
      "59": {
        "start": { "line": 93, "column": 17 },
        "end": { "line": 93, "column": 18 }
      },
      "60": {
        "start": { "line": 94, "column": 6 },
        "end": { "line": 94, "column": 36 }
      },
      "61": {
        "start": { "line": 95, "column": 6 },
        "end": { "line": 95, "column": 42 }
      },
      "62": {
        "start": { "line": 96, "column": 6 },
        "end": { "line": 96, "column": 23 }
      },
      "63": {
        "start": { "line": 97, "column": 6 },
        "end": { "line": 107, "column": 7 }
      },
      "64": {
        "start": { "line": 97, "column": 19 },
        "end": { "line": 97, "column": 20 }
      },
      "65": {
        "start": { "line": 98, "column": 8 },
        "end": { "line": 106, "column": 9 }
      },
      "66": {
        "start": { "line": 99, "column": 10 },
        "end": { "line": 103, "column": 11 }
      },
      "67": {
        "start": { "line": 100, "column": 12 },
        "end": { "line": 100, "column": 31 }
      },
      "68": {
        "start": { "line": 102, "column": 12 },
        "end": { "line": 102, "column": 31 }
      },
      "69": {
        "start": { "line": 105, "column": 10 },
        "end": { "line": 105, "column": 29 }
      },
      "70": {
        "start": { "line": 109, "column": 4 },
        "end": { "line": 109, "column": 21 }
      },
      "71": {
        "start": { "line": 110, "column": 4 },
        "end": { "line": 110, "column": 36 }
      },
      "72": {
        "start": { "line": 112, "column": 20 },
        "end": { "line": 112, "column": 59 }
      },
      "73": {
        "start": { "line": 113, "column": 2 },
        "end": { "line": 117, "column": 1 }
      },
      "74": {
        "start": { "line": 114, "column": 4 },
        "end": { "line": 116, "column": 7 }
      },
      "75": {
        "start": { "line": 115, "column": 6 },
        "end": { "line": 115, "column": 18 }
      },
      "76": {
        "start": { "line": 120, "column": 27 },
        "end": { "line": 120, "column": 67 }
      },
      "77": {
        "start": { "line": 121, "column": 4 },
        "end": { "line": 135, "column": 5 }
      },
      "78": {
        "start": { "line": 122, "column": 6 },
        "end": { "line": 134, "column": 9 }
      },
      "79": {
        "start": { "line": 123, "column": 8 },
        "end": { "line": 133, "column": 9 }
      },
      "80": {
        "start": { "line": 124, "column": 10 },
        "end": { "line": 124, "column": 26 }
      },
      "81": {
        "start": { "line": 125, "column": 10 },
        "end": { "line": 125, "column": 23 }
      },
      "82": {
        "start": { "line": 127, "column": 10 },
        "end": { "line": 127, "column": 54 }
      },
      "83": {
        "start": { "line": 129, "column": 10 },
        "end": { "line": 129, "column": 27 }
      },
      "84": {
        "start": { "line": 130, "column": 10 },
        "end": { "line": 130, "column": 24 }
      },
      "85": {
        "start": { "line": 132, "column": 10 },
        "end": { "line": 132, "column": 54 }
      },
      "86": {
        "start": { "line": 137, "column": 2 },
        "end": { "line": 137, "column": 15 }
      },
      "87": {
        "start": { "line": 139, "column": 26 },
        "end": { "line": 139, "column": 65 }
      },
      "88": {
        "start": { "line": 140, "column": 4 },
        "end": { "line": 154, "column": 5 }
      },
      "89": {
        "start": { "line": 141, "column": 6 },
        "end": { "line": 153, "column": 9 }
      },
      "90": {
        "start": { "line": 142, "column": 8 },
        "end": { "line": 152, "column": 9 }
      },
      "91": {
        "start": { "line": 143, "column": 10 },
        "end": { "line": 143, "column": 26 }
      },
      "92": {
        "start": { "line": 144, "column": 10 },
        "end": { "line": 144, "column": 23 }
      },
      "93": {
        "start": { "line": 146, "column": 10 },
        "end": { "line": 146, "column": 54 }
      },
      "94": {
        "start": { "line": 147, "column": 15 },
        "end": { "line": 152, "column": 9 }
      },
      "95": {
        "start": { "line": 148, "column": 10 },
        "end": { "line": 148, "column": 27 }
      },
      "96": {
        "start": { "line": 149, "column": 10 },
        "end": { "line": 149, "column": 24 }
      },
      "97": {
        "start": { "line": 151, "column": 10 },
        "end": { "line": 151, "column": 54 }
      },
      "98": {
        "start": { "line": 156, "column": 2 },
        "end": { "line": 156, "column": 14 }
      },
      "99": {
        "start": { "line": 158, "column": 4 },
        "end": { "line": 158, "column": 17 }
      },
      "100": {
        "start": { "line": 159, "column": 4 },
        "end": { "line": 159, "column": 14 }
      },
      "101": {
        "start": { "line": 161, "column": 4 },
        "end": { "line": 161, "column": 33 }
      },
      "102": {
        "start": { "line": 163, "column": 4 },
        "end": { "line": 163, "column": 27 }
      },
      "103": {
        "start": { "line": 165, "column": 19 },
        "end": { "line": 165, "column": 57 }
      },
      "104": {
        "start": { "line": 166, "column": 2 },
        "end": { "line": 170, "column": 5 }
      },
      "105": {
        "start": { "line": 167, "column": 4 },
        "end": { "line": 167, "column": 30 }
      },
      "106": {
        "start": { "line": 168, "column": 4 },
        "end": { "line": 168, "column": 13 }
      },
      "107": {
        "start": { "line": 169, "column": 4 },
        "end": { "line": 169, "column": 36 }
      },
      "108": {
        "start": { "line": 171, "column": 20 },
        "end": { "line": 171, "column": 59 }
      },
      "109": {
        "start": { "line": 172, "column": 2 },
        "end": { "line": 176, "column": 5 }
      },
      "110": {
        "start": { "line": 173, "column": 4 },
        "end": { "line": 173, "column": 20 }
      },
      "111": {
        "start": { "line": 174, "column": 4 },
        "end": { "line": 174, "column": 13 }
      },
      "112": {
        "start": { "line": 175, "column": 4 },
        "end": { "line": 175, "column": 36 }
      },
      "113": {
        "start": { "line": 177, "column": 19 },
        "end": { "line": 177, "column": 57 }
      },
      "114": {
        "start": { "line": 178, "column": 2 },
        "end": { "line": 182, "column": 5 }
      },
      "115": {
        "start": { "line": 179, "column": 4 },
        "end": { "line": 179, "column": 25 }
      },
      "116": {
        "start": { "line": 180, "column": 4 },
        "end": { "line": 180, "column": 13 }
      },
      "117": {
        "start": { "line": 181, "column": 4 },
        "end": { "line": 181, "column": 36 }
      },
      "118": {
        "start": { "line": 184, "column": 4 },
        "end": { "line": 184, "column": 26 }
      },
      "119": {
        "start": { "line": 185, "column": 4 },
        "end": { "line": 185, "column": 32 }
      },
      "120": {
        "start": { "line": 186, "column": 4 },
        "end": { "line": 186, "column": 26 }
      },
      "121": {
        "start": { "line": 188, "column": 16 },
        "end": { "line": 188, "column": 51 }
      },
      "122": {
        "start": { "line": 189, "column": 2 },
        "end": { "line": 195, "column": 3 }
      },
      "123": {
        "start": { "line": 190, "column": 4 },
        "end": { "line": 193, "column": 7 }
      },
      "124": {
        "start": { "line": 191, "column": 6 },
        "end": { "line": 191, "column": 73 }
      },
      "125": {
        "start": { "line": 191, "column": 49 },
        "end": { "line": 191, "column": 71 }
      },
      "126": {
        "start": { "line": 192, "column": 6 },
        "end": { "line": 192, "column": 38 }
      },
      "127": {
        "start": { "line": 194, "column": 4 },
        "end": { "line": 194, "column": 15 }
      },
      "128": {
        "start": { "line": 197, "column": 4 },
        "end": { "line": 197, "column": 25 }
      },
      "129": {
        "start": { "line": 198, "column": 4 },
        "end": { "line": 198, "column": 31 }
      },
      "130": {
        "start": { "line": 199, "column": 4 },
        "end": { "line": 206, "column": 15 }
      },
      "131": {
        "start": { "line": 200, "column": 6 },
        "end": { "line": 200, "column": 34 }
      },
      "132": {
        "start": { "line": 201, "column": 6 },
        "end": { "line": 201, "column": 38 }
      },
      "133": {
        "start": { "line": 202, "column": 6 },
        "end": { "line": 205, "column": 7 }
      },
      "134": {
        "start": { "line": 203, "column": 8 },
        "end": { "line": 203, "column": 36 }
      },
      "135": {
        "start": { "line": 204, "column": 8 },
        "end": { "line": 204, "column": 19 }
      },
      "136": {
        "start": { "line": 208, "column": 2 },
        "end": { "line": 214, "column": 5 }
      },
      "137": {
        "start": { "line": 209, "column": 4 },
        "end": { "line": 213, "column": 5 }
      },
      "138": {
        "start": { "line": 210, "column": 6 },
        "end": { "line": 210, "column": 18 }
      },
      "139": {
        "start": { "line": 212, "column": 6 },
        "end": { "line": 212, "column": 17 }
      }
    },
    "fnMap": {
      "0": {
        "name": "createGameOfLife",
        "decl": {
          "start": { "line": 8, "column": 16 },
          "end": { "line": 8, "column": 32 }
        },
        "loc": {
          "start": { "line": 8, "column": 55 },
          "end": { "line": 215, "column": 1 }
        },
        "line": 8
      },
      "1": {
        "name": "(anonymous_1)",
        "decl": {
          "start": { "line": 19, "column": 55 },
          "end": { "line": 19, "column": 56 }
        },
        "loc": {
          "start": { "line": 20, "column": 4 },
          "end": { "line": 20, "column": 26 }
        },
        "line": 20
      },
      "2": {
        "name": "checkInputColumns",
        "decl": {
          "start": { "line": 32, "column": 11 },
          "end": { "line": 32, "column": 28 }
        },
        "loc": {
          "start": { "line": 32, "column": 31 },
          "end": { "line": 38, "column": 3 }
        },
        "line": 32
      },
      "3": {
        "name": "checkInputRows",
        "decl": {
          "start": { "line": 39, "column": 11 },
          "end": { "line": 39, "column": 25 }
        },
        "loc": {
          "start": { "line": 39, "column": 28 },
          "end": { "line": 45, "column": 3 }
        },
        "line": 39
      },
      "4": {
        "name": "(anonymous_4)",
        "decl": {
          "start": { "line": 50, "column": 49 },
          "end": { "line": 50, "column": 50 }
        },
        "loc": {
          "start": { "line": 50, "column": 55 },
          "end": { "line": 55, "column": 5 }
        },
        "line": 50
      },
      "5": {
        "name": "(anonymous_5)",
        "decl": {
          "start": { "line": 53, "column": 16 },
          "end": { "line": 53, "column": 17 }
        },
        "loc": {
          "start": { "line": 53, "column": 24 },
          "end": { "line": 53, "column": 32 }
        },
        "line": 53
      },
      "6": {
        "name": "(anonymous_6)",
        "decl": {
          "start": { "line": 59, "column": 48 },
          "end": { "line": 59, "column": 49 }
        },
        "loc": {
          "start": { "line": 59, "column": 54 },
          "end": { "line": 64, "column": 5 }
        },
        "line": 59
      },
      "7": {
        "name": "(anonymous_7)",
        "decl": {
          "start": { "line": 62, "column": 16 },
          "end": { "line": 62, "column": 17 }
        },
        "loc": {
          "start": { "line": 62, "column": 24 },
          "end": { "line": 62, "column": 34 }
        },
        "line": 62
      },
      "8": {
        "name": "(anonymous_8)",
        "decl": {
          "start": { "line": 68, "column": 46 },
          "end": { "line": 68, "column": 47 }
        },
        "loc": {
          "start": { "line": 68, "column": 52 },
          "end": { "line": 73, "column": 5 }
        },
        "line": 68
      },
      "9": {
        "name": "(anonymous_9)",
        "decl": {
          "start": { "line": 77, "column": 45 },
          "end": { "line": 77, "column": 46 }
        },
        "loc": {
          "start": { "line": 77, "column": 51 },
          "end": { "line": 82, "column": 5 }
        },
        "line": 77
      },
      "10": {
        "name": "inputSize",
        "decl": {
          "start": { "line": 85, "column": 11 },
          "end": { "line": 85, "column": 20 }
        },
        "loc": {
          "start": { "line": 85, "column": 23 },
          "end": { "line": 111, "column": 3 }
        },
        "line": 85
      },
      "11": {
        "name": "(anonymous_11)",
        "decl": {
          "start": { "line": 114, "column": 40 },
          "end": { "line": 114, "column": 41 }
        },
        "loc": {
          "start": { "line": 114, "column": 46 },
          "end": { "line": 116, "column": 5 }
        },
        "line": 114
      },
      "12": {
        "name": "minusSpeed",
        "decl": {
          "start": { "line": 119, "column": 11 },
          "end": { "line": 119, "column": 21 }
        },
        "loc": {
          "start": { "line": 119, "column": 24 },
          "end": { "line": 136, "column": 3 }
        },
        "line": 119
      },
      "13": {
        "name": "(anonymous_13)",
        "decl": {
          "start": { "line": 122, "column": 47 },
          "end": { "line": 122, "column": 48 }
        },
        "loc": {
          "start": { "line": 122, "column": 53 },
          "end": { "line": 134, "column": 7 }
        },
        "line": 122
      },
      "14": {
        "name": "plusSpeed",
        "decl": {
          "start": { "line": 138, "column": 11 },
          "end": { "line": 138, "column": 20 }
        },
        "loc": {
          "start": { "line": 138, "column": 23 },
          "end": { "line": 155, "column": 3 }
        },
        "line": 138
      },
      "15": {
        "name": "(anonymous_15)",
        "decl": {
          "start": { "line": 141, "column": 46 },
          "end": { "line": 141, "column": 47 }
        },
        "loc": {
          "start": { "line": 141, "column": 52 },
          "end": { "line": 153, "column": 7 }
        },
        "line": 141
      },
      "16": {
        "name": "update",
        "decl": {
          "start": { "line": 157, "column": 11 },
          "end": { "line": 157, "column": 17 }
        },
        "loc": {
          "start": { "line": 157, "column": 20 },
          "end": { "line": 164, "column": 3 }
        },
        "line": 157
      },
      "17": {
        "name": "(anonymous_17)",
        "decl": {
          "start": { "line": 166, "column": 38 },
          "end": { "line": 166, "column": 39 }
        },
        "loc": {
          "start": { "line": 166, "column": 44 },
          "end": { "line": 170, "column": 3 }
        },
        "line": 166
      },
      "18": {
        "name": "(anonymous_18)",
        "decl": {
          "start": { "line": 172, "column": 39 },
          "end": { "line": 172, "column": 40 }
        },
        "loc": {
          "start": { "line": 172, "column": 45 },
          "end": { "line": 176, "column": 3 }
        },
        "line": 172
      },
      "19": {
        "name": "(anonymous_19)",
        "decl": {
          "start": { "line": 178, "column": 38 },
          "end": { "line": 178, "column": 39 }
        },
        "loc": {
          "start": { "line": 178, "column": 44 },
          "end": { "line": 182, "column": 3 }
        },
        "line": 178
      },
      "20": {
        "name": "stopGame",
        "decl": {
          "start": { "line": 183, "column": 11 },
          "end": { "line": 183, "column": 19 }
        },
        "loc": {
          "start": { "line": 183, "column": 22 },
          "end": { "line": 187, "column": 3 }
        },
        "line": 183
      },
      "21": {
        "name": "(anonymous_21)",
        "decl": {
          "start": { "line": 190, "column": 36 },
          "end": { "line": 190, "column": 37 }
        },
        "loc": {
          "start": { "line": 190, "column": 42 },
          "end": { "line": 193, "column": 5 }
        },
        "line": 190
      },
      "22": {
        "name": "(anonymous_22)",
        "decl": {
          "start": { "line": 191, "column": 43 },
          "end": { "line": 191, "column": 44 }
        },
        "loc": {
          "start": { "line": 191, "column": 49 },
          "end": { "line": 191, "column": 71 }
        },
        "line": 191
      },
      "23": {
        "name": "startGame",
        "decl": {
          "start": { "line": 196, "column": 11 },
          "end": { "line": 196, "column": 20 }
        },
        "loc": {
          "start": { "line": 196, "column": 23 },
          "end": { "line": 207, "column": 3 }
        },
        "line": 196
      },
      "24": {
        "name": "(anonymous_24)",
        "decl": {
          "start": { "line": 199, "column": 24 },
          "end": { "line": 199, "column": 25 }
        },
        "loc": {
          "start": { "line": 199, "column": 30 },
          "end": { "line": 206, "column": 5 }
        },
        "line": 199
      },
      "25": {
        "name": "(anonymous_25)",
        "decl": {
          "start": { "line": 208, "column": 36 },
          "end": { "line": 208, "column": 37 }
        },
        "loc": {
          "start": { "line": 208, "column": 42 },
          "end": { "line": 214, "column": 3 }
        },
        "line": 208
      }
    },
    "branchMap": {
      "0": {
        "loc": {
          "start": { "line": 33, "column": 4 },
          "end": { "line": 37, "column": 5 }
        },
        "type": "if",
        "locations": [
          {
            "start": { "line": 33, "column": 4 },
            "end": { "line": 37, "column": 5 }
          },
          { "start": {}, "end": {} }
        ],
        "line": 33
      },
      "1": {
        "loc": {
          "start": { "line": 34, "column": 6 },
          "end": { "line": 36, "column": 7 }
        },
        "type": "if",
        "locations": [
          {
            "start": { "line": 34, "column": 6 },
            "end": { "line": 36, "column": 7 }
          },
          { "start": {}, "end": {} }
        ],
        "line": 34
      },
      "2": {
        "loc": {
          "start": { "line": 34, "column": 10 },
          "end": { "line": 34, "column": 53 }
        },
        "type": "binary-expr",
        "locations": [
          {
            "start": { "line": 34, "column": 10 },
            "end": { "line": 34, "column": 22 }
          },
          {
            "start": { "line": 34, "column": 26 },
            "end": { "line": 34, "column": 53 }
          }
        ],
        "line": 34
      },
      "3": {
        "loc": {
          "start": { "line": 40, "column": 4 },
          "end": { "line": 44, "column": 5 }
        },
        "type": "if",
        "locations": [
          {
            "start": { "line": 40, "column": 4 },
            "end": { "line": 44, "column": 5 }
          },
          { "start": {}, "end": {} }
        ],
        "line": 40
      },
      "4": {
        "loc": {
          "start": { "line": 41, "column": 6 },
          "end": { "line": 43, "column": 7 }
        },
        "type": "if",
        "locations": [
          {
            "start": { "line": 41, "column": 6 },
            "end": { "line": 43, "column": 7 }
          },
          { "start": {}, "end": {} }
        ],
        "line": 41
      },
      "5": {
        "loc": {
          "start": { "line": 41, "column": 10 },
          "end": { "line": 41, "column": 47 }
        },
        "type": "binary-expr",
        "locations": [
          {
            "start": { "line": 41, "column": 10 },
            "end": { "line": 41, "column": 19 }
          },
          {
            "start": { "line": 41, "column": 23 },
            "end": { "line": 41, "column": 47 }
          }
        ],
        "line": 41
      },
      "6": {
        "loc": {
          "start": { "line": 49, "column": 2 },
          "end": { "line": 56, "column": 3 }
        },
        "type": "if",
        "locations": [
          {
            "start": { "line": 49, "column": 2 },
            "end": { "line": 56, "column": 3 }
          },
          { "start": {}, "end": {} }
        ],
        "line": 49
      },
      "7": {
        "loc": {
          "start": { "line": 58, "column": 2 },
          "end": { "line": 65, "column": 3 }
        },
        "type": "if",
        "locations": [
          {
            "start": { "line": 58, "column": 2 },
            "end": { "line": 65, "column": 3 }
          },
          { "start": {}, "end": {} }
        ],
        "line": 58
      },
      "8": {
        "loc": {
          "start": { "line": 67, "column": 2 },
          "end": { "line": 74, "column": 3 }
        },
        "type": "if",
        "locations": [
          {
            "start": { "line": 67, "column": 2 },
            "end": { "line": 74, "column": 3 }
          },
          { "start": {}, "end": {} }
        ],
        "line": 67
      },
      "9": {
        "loc": {
          "start": { "line": 76, "column": 2 },
          "end": { "line": 83, "column": 3 }
        },
        "type": "if",
        "locations": [
          {
            "start": { "line": 76, "column": 2 },
            "end": { "line": 83, "column": 3 }
          },
          { "start": {}, "end": {} }
        ],
        "line": 76
      },
      "10": {
        "loc": {
          "start": { "line": 98, "column": 8 },
          "end": { "line": 106, "column": 9 }
        },
        "type": "if",
        "locations": [
          {
            "start": { "line": 98, "column": 8 },
            "end": { "line": 106, "column": 9 }
          },
          {
            "start": { "line": 104, "column": 15 },
            "end": { "line": 106, "column": 9 }
          }
        ],
        "line": 98
      },
      "11": {
        "loc": {
          "start": { "line": 98, "column": 12 },
          "end": { "line": 98, "column": 55 }
        },
        "type": "binary-expr",
        "locations": [
          {
            "start": { "line": 98, "column": 12 },
            "end": { "line": 98, "column": 30 }
          },
          {
            "start": { "line": 98, "column": 34 },
            "end": { "line": 98, "column": 55 }
          }
        ],
        "line": 98
      },
      "12": {
        "loc": {
          "start": { "line": 99, "column": 10 },
          "end": { "line": 103, "column": 11 }
        },
        "type": "if",
        "locations": [
          {
            "start": { "line": 99, "column": 10 },
            "end": { "line": 103, "column": 11 }
          },
          {
            "start": { "line": 101, "column": 17 },
            "end": { "line": 103, "column": 11 }
          }
        ],
        "line": 99
      },
      "13": {
        "loc": {
          "start": { "line": 113, "column": 2 },
          "end": { "line": 117, "column": 1 }
        },
        "type": "if",
        "locations": [
          {
            "start": { "line": 113, "column": 2 },
            "end": { "line": 117, "column": 1 }
          },
          { "start": {}, "end": {} }
        ],
        "line": 113
      },
      "14": {
        "loc": {
          "start": { "line": 121, "column": 4 },
          "end": { "line": 135, "column": 5 }
        },
        "type": "if",
        "locations": [
          {
            "start": { "line": 121, "column": 4 },
            "end": { "line": 135, "column": 5 }
          },
          { "start": {}, "end": {} }
        ],
        "line": 121
      },
      "15": {
        "loc": {
          "start": { "line": 123, "column": 8 },
          "end": { "line": 133, "column": 9 }
        },
        "type": "if",
        "locations": [
          {
            "start": { "line": 123, "column": 8 },
            "end": { "line": 133, "column": 9 }
          },
          {
            "start": { "line": 128, "column": 15 },
            "end": { "line": 133, "column": 9 }
          }
        ],
        "line": 123
      },
      "16": {
        "loc": {
          "start": { "line": 140, "column": 4 },
          "end": { "line": 154, "column": 5 }
        },
        "type": "if",
        "locations": [
          {
            "start": { "line": 140, "column": 4 },
            "end": { "line": 154, "column": 5 }
          },
          { "start": {}, "end": {} }
        ],
        "line": 140
      },
      "17": {
        "loc": {
          "start": { "line": 142, "column": 8 },
          "end": { "line": 152, "column": 9 }
        },
        "type": "if",
        "locations": [
          {
            "start": { "line": 142, "column": 8 },
            "end": { "line": 152, "column": 9 }
          },
          {
            "start": { "line": 147, "column": 15 },
            "end": { "line": 152, "column": 9 }
          }
        ],
        "line": 142
      },
      "18": {
        "loc": {
          "start": { "line": 142, "column": 12 },
          "end": { "line": 142, "column": 45 }
        },
        "type": "binary-expr",
        "locations": [
          {
            "start": { "line": 142, "column": 12 },
            "end": { "line": 142, "column": 28 }
          },
          {
            "start": { "line": 142, "column": 32 },
            "end": { "line": 142, "column": 45 }
          }
        ],
        "line": 142
      },
      "19": {
        "loc": {
          "start": { "line": 147, "column": 15 },
          "end": { "line": 152, "column": 9 }
        },
        "type": "if",
        "locations": [
          {
            "start": { "line": 147, "column": 15 },
            "end": { "line": 152, "column": 9 }
          },
          { "start": {}, "end": {} }
        ],
        "line": 147
      },
      "20": {
        "loc": {
          "start": { "line": 189, "column": 2 },
          "end": { "line": 195, "column": 3 }
        },
        "type": "if",
        "locations": [
          {
            "start": { "line": 189, "column": 2 },
            "end": { "line": 195, "column": 3 }
          },
          { "start": {}, "end": {} }
        ],
        "line": 189
      },
      "21": {
        "loc": {
          "start": { "line": 202, "column": 6 },
          "end": { "line": 205, "column": 7 }
        },
        "type": "if",
        "locations": [
          {
            "start": { "line": 202, "column": 6 },
            "end": { "line": 205, "column": 7 }
          },
          { "start": {}, "end": {} }
        ],
        "line": 202
      },
      "22": {
        "loc": {
          "start": { "line": 209, "column": 4 },
          "end": { "line": 213, "column": 5 }
        },
        "type": "if",
        "locations": [
          {
            "start": { "line": 209, "column": 4 },
            "end": { "line": 213, "column": 5 }
          },
          {
            "start": { "line": 211, "column": 11 },
            "end": { "line": 213, "column": 5 }
          }
        ],
        "line": 209
      }
    },
    "s": {
      "0": 6,
      "1": 6,
      "2": 6,
      "3": 6,
      "4": 6,
      "5": 6,
      "6": 6,
      "7": 6,
      "8": 6,
      "9": 6,
      "10": 60,
      "11": 6,
      "12": 6,
      "13": 6,
      "14": 6,
      "15": 6,
      "16": 6,
      "17": 6,
      "18": 6,
      "19": 6,
      "20": 6,
      "21": 6,
      "22": 6,
      "23": 6,
      "24": 6,
      "25": 6,
      "26": 0,
      "27": 0,
      "28": 0,
      "29": 0,
      "30": 0,
      "31": 6,
      "32": 6,
      "33": 6,
      "34": 0,
      "35": 0,
      "36": 0,
      "37": 0,
      "38": 0,
      "39": 6,
      "40": 6,
      "41": 6,
      "42": 0,
      "43": 0,
      "44": 0,
      "45": 0,
      "46": 6,
      "47": 6,
      "48": 6,
      "49": 0,
      "50": 0,
      "51": 0,
      "52": 0,
      "53": 0,
      "54": 0,
      "55": 0,
      "56": 0,
      "57": 0,
      "58": 0,
      "59": 0,
      "60": 0,
      "61": 0,
      "62": 0,
      "63": 0,
      "64": 0,
      "65": 0,
      "66": 0,
      "67": 0,
      "68": 0,
      "69": 0,
      "70": 0,
      "71": 0,
      "72": 6,
      "73": 6,
      "74": 6,
      "75": 0,
      "76": 6,
      "77": 6,
      "78": 6,
      "79": 0,
      "80": 0,
      "81": 0,
      "82": 0,
      "83": 0,
      "84": 0,
      "85": 0,
      "86": 6,
      "87": 6,
      "88": 6,
      "89": 6,
      "90": 0,
      "91": 0,
      "92": 0,
      "93": 0,
      "94": 0,
      "95": 0,
      "96": 0,
      "97": 0,
      "98": 6,
      "99": 0,
      "100": 0,
      "101": 0,
      "102": 0,
      "103": 6,
      "104": 6,
      "105": 0,
      "106": 0,
      "107": 0,
      "108": 6,
      "109": 6,
      "110": 0,
      "111": 0,
      "112": 0,
      "113": 6,
      "114": 6,
      "115": 0,
      "116": 0,
      "117": 0,
      "118": 10,
      "119": 10,
      "120": 10,
      "121": 6,
      "122": 6,
      "123": 6,
      "124": 0,
      "125": 0,
      "126": 0,
      "127": 6,
      "128": 4,
      "129": 4,
      "130": 4,
      "131": 3,
      "132": 3,
      "133": 3,
      "134": 3,
      "135": 3,
      "136": 6,
      "137": 5,
      "138": 4,
      "139": 1
    },
    "f": {
      "0": 6,
      "1": 60,
      "2": 6,
      "3": 6,
      "4": 0,
      "5": 0,
      "6": 0,
      "7": 0,
      "8": 0,
      "9": 0,
      "10": 0,
      "11": 0,
      "12": 6,
      "13": 0,
      "14": 6,
      "15": 0,
      "16": 0,
      "17": 0,
      "18": 0,
      "19": 0,
      "20": 10,
      "21": 0,
      "22": 0,
      "23": 4,
      "24": 3,
      "25": 5
    },
    "b": {
      "0": [6, 0],
      "1": [6, 0],
      "2": [6, 6],
      "3": [6, 0],
      "4": [6, 0],
      "5": [6, 6],
      "6": [6, 0],
      "7": [6, 0],
      "8": [6, 0],
      "9": [6, 0],
      "10": [0, 0],
      "11": [0, 0],
      "12": [0, 0],
      "13": [6, 0],
      "14": [6, 0],
      "15": [0, 0],
      "16": [6, 0],
      "17": [0, 0],
      "18": [0, 0],
      "19": [0, 0],
      "20": [6, 0],
      "21": [3, 0],
      "22": [4, 1]
    },
    "_coverageSchema": "1a1c01bbd47fc00a2c39e90264f33305004495a9",
    "hash": "e6029c3476afc7c9ab91623d9ac6ed9635b2e1e7"
  },
  "/Users/pavelmakarov/Desktop/gameOfLife_test/gameOfLife/src/drawField.ts": {
    "path": "/Users/pavelmakarov/Desktop/gameOfLife_test/gameOfLife/src/drawField.ts",
    "statementMap": {
      "0": {
        "start": { "line": 4, "column": 22 },
        "end": { "line": 33, "column": 22 }
      },
      "1": {
        "start": { "line": 5, "column": 4 },
        "end": { "line": 33, "column": 22 }
      },
      "2": {
        "start": { "line": 7, "column": 27 },
        "end": { "line": 11, "column": 9 }
      },
      "3": {
        "start": { "line": 13, "column": 8 },
        "end": { "line": 19, "column": 9 }
      },
      "4": {
        "start": { "line": 14, "column": 10 },
        "end": { "line": 18, "column": 78 }
      },
      "5": {
        "start": { "line": 20, "column": 8 },
        "end": { "line": 26, "column": 9 }
      },
      "6": {
        "start": { "line": 21, "column": 10 },
        "end": { "line": 25, "column": 78 }
      },
      "7": {
        "start": { "line": 27, "column": 8 },
        "end": { "line": 31, "column": 78 }
      },
      "8": {
        "start": { "line": 35, "column": 16 },
        "end": { "line": 35, "column": 76 }
      },
      "9": {
        "start": { "line": 37, "column": 2 },
        "end": { "line": 37, "column": 33 }
      },
      "10": {
        "start": { "line": 39, "column": 2 },
        "end": { "line": 58, "column": 5 }
      },
      "11": {
        "start": { "line": 40, "column": 27 },
        "end": { "line": 40, "column": 36 }
      },
      "12": {
        "start": { "line": 42, "column": 14 },
        "end": { "line": 42, "column": 51 }
      },
      "13": {
        "start": { "line": 44, "column": 14 },
        "end": { "line": 44, "column": 51 }
      },
      "14": {
        "start": { "line": 45, "column": 4 },
        "end": { "line": 57, "column": 5 }
      },
      "15": {
        "start": { "line": 46, "column": 8 },
        "end": { "line": 46, "column": 48 }
      },
      "16": {
        "start": { "line": 48, "column": 6 },
        "end": { "line": 56, "column": 7 }
      },
      "17": {
        "start": { "line": 49, "column": 24 },
        "end": { "line": 51, "column": 9 }
      },
      "18": {
        "start": { "line": 53, "column": 8 },
        "end": { "line": 53, "column": 50 }
      },
      "19": {
        "start": { "line": 55, "column": 8 },
        "end": { "line": 55, "column": 41 }
      }
    },
    "fnMap": {
      "0": {
        "name": "drawField",
        "decl": {
          "start": { "line": 3, "column": 16 },
          "end": { "line": 3, "column": 25 }
        },
        "loc": {
          "start": { "line": 3, "column": 67 },
          "end": { "line": 59, "column": 1 }
        },
        "line": 3
      },
      "1": {
        "name": "(anonymous_1)",
        "decl": {
          "start": { "line": 4, "column": 22 },
          "end": { "line": 4, "column": 23 }
        },
        "loc": {
          "start": { "line": 5, "column": 4 },
          "end": { "line": 33, "column": 22 }
        },
        "line": 5
      },
      "2": {
        "name": "(anonymous_2)",
        "decl": {
          "start": { "line": 6, "column": 11 },
          "end": { "line": 6, "column": 12 }
        },
        "loc": {
          "start": { "line": 6, "column": 50 },
          "end": { "line": 32, "column": 7 }
        },
        "line": 6
      },
      "3": {
        "name": "(anonymous_3)",
        "decl": {
          "start": { "line": 39, "column": 65 },
          "end": { "line": 39, "column": 66 }
        },
        "loc": {
          "start": { "line": 39, "column": 73 },
          "end": { "line": 58, "column": 3 }
        },
        "line": 39
      }
    },
    "branchMap": {
      "0": {
        "loc": {
          "start": { "line": 13, "column": 8 },
          "end": { "line": 19, "column": 9 }
        },
        "type": "if",
        "locations": [
          {
            "start": { "line": 13, "column": 8 },
            "end": { "line": 19, "column": 9 }
          },
          { "start": {}, "end": {} }
        ],
        "line": 13
      },
      "1": {
        "loc": {
          "start": { "line": 13, "column": 12 },
          "end": { "line": 13, "column": 60 }
        },
        "type": "binary-expr",
        "locations": [
          {
            "start": { "line": 13, "column": 13 },
            "end": { "line": 13, "column": 27 }
          },
          {
            "start": { "line": 13, "column": 31 },
            "end": { "line": 13, "column": 45 }
          },
          {
            "start": { "line": 13, "column": 50 },
            "end": { "line": 13, "column": 60 }
          }
        ],
        "line": 13
      },
      "2": {
        "loc": {
          "start": { "line": 20, "column": 8 },
          "end": { "line": 26, "column": 9 }
        },
        "type": "if",
        "locations": [
          {
            "start": { "line": 20, "column": 8 },
            "end": { "line": 26, "column": 9 }
          },
          { "start": {}, "end": {} }
        ],
        "line": 20
      },
      "3": {
        "loc": {
          "start": { "line": 45, "column": 4 },
          "end": { "line": 57, "column": 5 }
        },
        "type": "if",
        "locations": [
          {
            "start": { "line": 45, "column": 4 },
            "end": { "line": 57, "column": 5 }
          },
          { "start": {}, "end": {} }
        ],
        "line": 45
      },
      "4": {
        "loc": {
          "start": { "line": 45, "column": 8 },
          "end": { "line": 45, "column": 54 }
        },
        "type": "binary-expr",
        "locations": [
          {
            "start": { "line": 45, "column": 8 },
            "end": { "line": 45, "column": 16 }
          },
          {
            "start": { "line": 45, "column": 20 },
            "end": { "line": 45, "column": 54 }
          }
        ],
        "line": 45
      },
      "5": {
        "loc": {
          "start": { "line": 46, "column": 22 },
          "end": { "line": 46, "column": 47 }
        },
        "type": "cond-expr",
        "locations": [
          {
            "start": { "line": 46, "column": 42 },
            "end": { "line": 46, "column": 43 }
          },
          {
            "start": { "line": 46, "column": 46 },
            "end": { "line": 46, "column": 47 }
          }
        ],
        "line": 46
      },
      "6": {
        "loc": {
          "start": { "line": 48, "column": 6 },
          "end": { "line": 56, "column": 7 }
        },
        "type": "if",
        "locations": [
          {
            "start": { "line": 48, "column": 6 },
            "end": { "line": 56, "column": 7 }
          },
          { "start": {}, "end": {} }
        ],
        "line": 48
      },
      "7": {
        "loc": {
          "start": { "line": 48, "column": 10 },
          "end": { "line": 48, "column": 26 }
        },
        "type": "binary-expr",
        "locations": [
          {
            "start": { "line": 48, "column": 10 },
            "end": { "line": 48, "column": 16 }
          },
          {
            "start": { "line": 48, "column": 20 },
            "end": { "line": 48, "column": 26 }
          }
        ],
        "line": 48
      }
    },
    "s": {
      "0": 3,
      "1": 5,
      "2": 11,
      "3": 11,
      "4": 3,
      "5": 8,
      "6": 1,
      "7": 7,
      "8": 3,
      "9": 3,
      "10": 3,
      "11": 0,
      "12": 0,
      "13": 0,
      "14": 0,
      "15": 0,
      "16": 0,
      "17": 0,
      "18": 0,
      "19": 0
    },
    "f": { "0": 3, "1": 5, "2": 11, "3": 0 },
    "b": {
      "0": [3, 8],
      "1": [11, 4, 7],
      "2": [1, 7],
      "3": [0, 0],
      "4": [0, 0],
      "5": [0, 0],
      "6": [0, 0],
      "7": [0, 0]
    },
    "_coverageSchema": "1a1c01bbd47fc00a2c39e90264f33305004495a9",
    "hash": "1ba57c67ff16fa1a20cd7761f5014009194239ff"
  },
  "/Users/pavelmakarov/Desktop/gameOfLife_test/gameOfLife/src/gameInit.ts": {
    "path": "/Users/pavelmakarov/Desktop/gameOfLife_test/gameOfLife/src/gameInit.ts",
    "statementMap": {
      "0": {
        "start": { "line": 2, "column": 4 },
        "end": { "line": 12, "column": 39 }
      }
    },
    "fnMap": {
      "0": {
        "name": "gameInit",
        "decl": {
          "start": { "line": 1, "column": 16 },
          "end": { "line": 1, "column": 24 }
        },
        "loc": {
          "start": { "line": 1, "column": 64 },
          "end": { "line": 13, "column": 1 }
        },
        "line": 1
      }
    },
    "branchMap": {},
    "s": { "0": 6 },
    "f": { "0": 6 },
    "b": {},
    "_coverageSchema": "1a1c01bbd47fc00a2c39e90264f33305004495a9",
    "hash": "82368f230e81d50e0fb2ad9870cd205a2633d690"
  },
  "/Users/pavelmakarov/Desktop/gameOfLife_test/gameOfLife/src/getCellState.ts": {
    "path": "/Users/pavelmakarov/Desktop/gameOfLife_test/gameOfLife/src/getCellState.ts",
    "statementMap": {
      "0": {
        "start": { "line": 2, "column": 14 },
        "end": { "line": 2, "column": 22 }
      },
      "1": {
        "start": { "line": 3, "column": 2 },
        "end": { "line": 5, "column": 3 }
      },
      "2": {
        "start": { "line": 4, "column": 4 },
        "end": { "line": 4, "column": 13 }
      },
      "3": {
        "start": { "line": 6, "column": 15 },
        "end": { "line": 6, "column": 21 }
      },
      "4": {
        "start": { "line": 7, "column": 2 },
        "end": { "line": 9, "column": 3 }
      },
      "5": {
        "start": { "line": 8, "column": 4 },
        "end": { "line": 8, "column": 13 }
      },
      "6": {
        "start": { "line": 10, "column": 2 },
        "end": { "line": 10, "column": 14 }
      }
    },
    "fnMap": {
      "0": {
        "name": "getCellState",
        "decl": {
          "start": { "line": 1, "column": 16 },
          "end": { "line": 1, "column": 28 }
        },
        "loc": {
          "start": { "line": 1, "column": 70 },
          "end": { "line": 11, "column": 1 }
        },
        "line": 1
      }
    },
    "branchMap": {
      "0": {
        "loc": {
          "start": { "line": 3, "column": 2 },
          "end": { "line": 5, "column": 3 }
        },
        "type": "if",
        "locations": [
          {
            "start": { "line": 3, "column": 2 },
            "end": { "line": 5, "column": 3 }
          },
          { "start": {}, "end": {} }
        ],
        "line": 3
      },
      "1": {
        "loc": {
          "start": { "line": 7, "column": 2 },
          "end": { "line": 9, "column": 3 }
        },
        "type": "if",
        "locations": [
          {
            "start": { "line": 7, "column": 2 },
            "end": { "line": 9, "column": 3 }
          },
          { "start": {}, "end": {} }
        ],
        "line": 7
      }
    },
    "s": {
      "0": 2788,
      "1": 2788,
      "2": 210,
      "3": 2578,
      "4": 2578,
      "5": 186,
      "6": 2392
    },
    "f": { "0": 2788 },
    "b": { "0": [210, 2578], "1": [186, 2392] },
    "_coverageSchema": "1a1c01bbd47fc00a2c39e90264f33305004495a9",
    "hash": "a67a5ca67abcd589f7f9706cfeafff4c2dad9b94"
  },
  "/Users/pavelmakarov/Desktop/gameOfLife_test/gameOfLife/src/getNewCellState.ts": {
    "path": "/Users/pavelmakarov/Desktop/gameOfLife_test/gameOfLife/src/getNewCellState.ts",
    "statementMap": {
      "0": {
        "start": { "line": 5, "column": 2 },
        "end": { "line": 7, "column": 3 }
      },
      "1": {
        "start": { "line": 6, "column": 4 },
        "end": { "line": 6, "column": 13 }
      },
      "2": {
        "start": { "line": 8, "column": 2 },
        "end": { "line": 10, "column": 3 }
      },
      "3": {
        "start": { "line": 9, "column": 4 },
        "end": { "line": 9, "column": 13 }
      },
      "4": {
        "start": { "line": 11, "column": 2 },
        "end": { "line": 13, "column": 3 }
      },
      "5": {
        "start": { "line": 12, "column": 4 },
        "end": { "line": 12, "column": 13 }
      },
      "6": {
        "start": { "line": 14, "column": 2 },
        "end": { "line": 14, "column": 11 }
      }
    },
    "fnMap": {
      "0": {
        "name": "getNewCellState",
        "decl": {
          "start": { "line": 1, "column": 16 },
          "end": { "line": 1, "column": 31 }
        },
        "loc": {
          "start": { "line": 4, "column": 2 },
          "end": { "line": 15, "column": 1 }
        },
        "line": 4
      }
    },
    "branchMap": {
      "0": {
        "loc": {
          "start": { "line": 5, "column": 2 },
          "end": { "line": 7, "column": 3 }
        },
        "type": "if",
        "locations": [
          {
            "start": { "line": 5, "column": 2 },
            "end": { "line": 7, "column": 3 }
          },
          { "start": {}, "end": {} }
        ],
        "line": 5
      },
      "1": {
        "loc": {
          "start": { "line": 8, "column": 2 },
          "end": { "line": 10, "column": 3 }
        },
        "type": "if",
        "locations": [
          {
            "start": { "line": 8, "column": 2 },
            "end": { "line": 10, "column": 3 }
          },
          { "start": {}, "end": {} }
        ],
        "line": 8
      },
      "2": {
        "loc": {
          "start": { "line": 8, "column": 6 },
          "end": { "line": 8, "column": 58 }
        },
        "type": "binary-expr",
        "locations": [
          {
            "start": { "line": 8, "column": 6 },
            "end": { "line": 8, "column": 30 }
          },
          {
            "start": { "line": 8, "column": 34 },
            "end": { "line": 8, "column": 58 }
          }
        ],
        "line": 8
      },
      "3": {
        "loc": {
          "start": { "line": 11, "column": 2 },
          "end": { "line": 13, "column": 3 }
        },
        "type": "if",
        "locations": [
          {
            "start": { "line": 11, "column": 2 },
            "end": { "line": 13, "column": 3 }
          },
          { "start": {}, "end": {} }
        ],
        "line": 11
      },
      "4": {
        "loc": {
          "start": { "line": 11, "column": 6 },
          "end": { "line": 11, "column": 58 }
        },
        "type": "binary-expr",
        "locations": [
          {
            "start": { "line": 11, "column": 6 },
            "end": { "line": 11, "column": 32 }
          },
          {
            "start": { "line": 11, "column": 36 },
            "end": { "line": 11, "column": 58 }
          }
        ],
        "line": 11
      }
    },
    "s": { "0": 318, "1": 2, "2": 316, "3": 314, "4": 2, "5": 1, "6": 1 },
    "f": { "0": 318 },
    "b": {
      "0": [2, 316],
      "1": [314, 2],
      "2": [316, 306],
      "3": [1, 1],
      "4": [2, 2]
    },
    "_coverageSchema": "1a1c01bbd47fc00a2c39e90264f33305004495a9",
    "hash": "c8c90aa803fca8b66e6d84474e87bafcf89ed9d3"
  },
  "/Users/pavelmakarov/Desktop/gameOfLife_test/gameOfLife/src/getNextState.ts": {
    "path": "/Users/pavelmakarov/Desktop/gameOfLife_test/gameOfLife/src/getNextState.ts",
    "statementMap": {
      "0": {
        "start": { "line": 6, "column": 2 },
        "end": { "line": 13, "column": 4 }
      },
      "1": {
        "start": { "line": 7, "column": 4 },
        "end": { "line": 12, "column": 6 }
      },
      "2": {
        "start": { "line": 8, "column": 17 },
        "end": { "line": 8, "column": 68 }
      },
      "3": {
        "start": { "line": 9, "column": 27 },
        "end": { "line": 9, "column": 67 }
      },
      "4": {
        "start": { "line": 10, "column": 23 },
        "end": { "line": 10, "column": 56 }
      },
      "5": {
        "start": { "line": 11, "column": 6 },
        "end": { "line": 11, "column": 22 }
      }
    },
    "fnMap": {
      "0": {
        "name": "getNextState",
        "decl": {
          "start": { "line": 5, "column": 16 },
          "end": { "line": 5, "column": 28 }
        },
        "loc": {
          "start": { "line": 5, "column": 48 },
          "end": { "line": 14, "column": 1 }
        },
        "line": 5
      },
      "1": {
        "name": "(anonymous_1)",
        "decl": {
          "start": { "line": 6, "column": 19 },
          "end": { "line": 6, "column": 20 }
        },
        "loc": {
          "start": { "line": 7, "column": 4 },
          "end": { "line": 12, "column": 6 }
        },
        "line": 7
      },
      "2": {
        "name": "(anonymous_2)",
        "decl": {
          "start": { "line": 7, "column": 12 },
          "end": { "line": 7, "column": 13 }
        },
        "loc": {
          "start": { "line": 7, "column": 49 },
          "end": { "line": 12, "column": 5 }
        },
        "line": 7
      }
    },
    "branchMap": {},
    "s": { "0": 3, "1": 30, "2": 300, "3": 300, "4": 300, "5": 300 },
    "f": { "0": 3, "1": 30, "2": 300 },
    "b": {},
    "_coverageSchema": "1a1c01bbd47fc00a2c39e90264f33305004495a9",
    "hash": "bb2064cd87957e96df375339739aef813a9136ec"
  },
  "/Users/pavelmakarov/Desktop/gameOfLife_test/gameOfLife/src/getNumOfAliveNeighbours.ts": {
    "path": "/Users/pavelmakarov/Desktop/gameOfLife_test/gameOfLife/src/getNumOfAliveNeighbours.ts",
    "statementMap": {
      "0": {
        "start": { "line": 8, "column": 19 },
        "end": { "line": 8, "column": 20 }
      },
      "1": {
        "start": { "line": 10, "column": 2 },
        "end": { "line": 12, "column": 3 }
      },
      "2": {
        "start": { "line": 10, "column": 15 },
        "end": { "line": 10, "column": 25 }
      },
      "3": {
        "start": { "line": 11, "column": 4 },
        "end": { "line": 11, "column": 58 }
      },
      "4": {
        "start": { "line": 14, "column": 2 },
        "end": { "line": 16, "column": 3 }
      },
      "5": {
        "start": { "line": 14, "column": 15 },
        "end": { "line": 14, "column": 25 }
      },
      "6": {
        "start": { "line": 15, "column": 4 },
        "end": { "line": 15, "column": 58 }
      },
      "7": {
        "start": { "line": 18, "column": 2 },
        "end": { "line": 18, "column": 61 }
      },
      "8": {
        "start": { "line": 19, "column": 2 },
        "end": { "line": 19, "column": 61 }
      },
      "9": {
        "start": { "line": 21, "column": 2 },
        "end": { "line": 21, "column": 20 }
      }
    },
    "fnMap": {
      "0": {
        "name": "getNumOfAliveNeighbours",
        "decl": {
          "start": { "line": 3, "column": 16 },
          "end": { "line": 3, "column": 39 }
        },
        "loc": {
          "start": { "line": 7, "column": 2 },
          "end": { "line": 22, "column": 1 }
        },
        "line": 7
      }
    },
    "branchMap": {},
    "s": {
      "0": 311,
      "1": 311,
      "2": 311,
      "3": 933,
      "4": 311,
      "5": 311,
      "6": 933,
      "7": 311,
      "8": 311,
      "9": 311
    },
    "f": { "0": 311 },
    "b": {},
    "_coverageSchema": "1a1c01bbd47fc00a2c39e90264f33305004495a9",
    "hash": "3ae296bddd5046a728fbd8d47c487db088b10068"
  },
  "/Users/pavelmakarov/Desktop/gameOfLife_test/gameOfLife/src/gosperGliderGun.ts": {
    "path": "/Users/pavelmakarov/Desktop/gameOfLife_test/gameOfLife/src/gosperGliderGun.ts",
    "statementMap": {
      "0": {
        "start": { "line": 2, "column": 2 },
        "end": { "line": 203, "column": 4 }
      }
    },
    "fnMap": {
      "0": {
        "name": "gosperGliderGun",
        "decl": {
          "start": { "line": 1, "column": 16 },
          "end": { "line": 1, "column": 31 }
        },
        "loc": {
          "start": { "line": 1, "column": 34 },
          "end": { "line": 204, "column": 1 }
        },
        "line": 1
      }
    },
    "branchMap": {},
    "s": { "0": 1 },
    "f": { "0": 1 },
    "b": {},
    "_coverageSchema": "1a1c01bbd47fc00a2c39e90264f33305004495a9",
    "hash": "79dc6ed35362293b812565257cb865baa30baf63"
  },
  "/Users/pavelmakarov/Desktop/gameOfLife_test/gameOfLife/src/isAnyoneAlive.ts": {
    "path": "/Users/pavelmakarov/Desktop/gameOfLife_test/gameOfLife/src/isAnyoneAlive.ts",
    "statementMap": {
      "0": {
        "start": { "line": 2, "column": 2 },
        "end": { "line": 10, "column": 3 }
      },
      "1": {
        "start": { "line": 2, "column": 15 },
        "end": { "line": 2, "column": 16 }
      },
      "2": {
        "start": { "line": 3, "column": 16 },
        "end": { "line": 3, "column": 24 }
      },
      "3": {
        "start": { "line": 4, "column": 4 },
        "end": { "line": 9, "column": 5 }
      },
      "4": {
        "start": { "line": 4, "column": 17 },
        "end": { "line": 4, "column": 18 }
      },
      "5": {
        "start": { "line": 5, "column": 19 },
        "end": { "line": 5, "column": 25 }
      },
      "6": {
        "start": { "line": 6, "column": 6 },
        "end": { "line": 8, "column": 7 }
      },
      "7": {
        "start": { "line": 7, "column": 8 },
        "end": { "line": 7, "column": 20 }
      },
      "8": {
        "start": { "line": 11, "column": 2 },
        "end": { "line": 11, "column": 15 }
      }
    },
    "fnMap": {
      "0": {
        "name": "isAnyoneAlive",
        "decl": {
          "start": { "line": 1, "column": 16 },
          "end": { "line": 1, "column": 29 }
        },
        "loc": {
          "start": { "line": 1, "column": 49 },
          "end": { "line": 12, "column": 1 }
        },
        "line": 1
      }
    },
    "branchMap": {
      "0": {
        "loc": {
          "start": { "line": 6, "column": 6 },
          "end": { "line": 8, "column": 7 }
        },
        "type": "if",
        "locations": [
          {
            "start": { "line": 6, "column": 6 },
            "end": { "line": 8, "column": 7 }
          },
          { "start": {}, "end": {} }
        ],
        "line": 6
      }
    },
    "s": {
      "0": 3,
      "1": 3,
      "2": 30,
      "3": 30,
      "4": 30,
      "5": 300,
      "6": 300,
      "7": 0,
      "8": 3
    },
    "f": { "0": 3 },
    "b": { "0": [0, 300] },
    "_coverageSchema": "1a1c01bbd47fc00a2c39e90264f33305004495a9",
    "hash": "f5d7082798a1c788ce2f4bb73151c3307ee6fd5d"
  },
  "/Users/pavelmakarov/Desktop/gameOfLife_test/gameOfLife/src/locomotive.ts": {
    "path": "/Users/pavelmakarov/Desktop/gameOfLife_test/gameOfLife/src/locomotive.ts",
    "statementMap": {
      "0": {
        "start": { "line": 2, "column": 2 },
        "end": { "line": 203, "column": 4 }
      }
    },
    "fnMap": {
      "0": {
        "name": "locomotive",
        "decl": {
          "start": { "line": 1, "column": 16 },
          "end": { "line": 1, "column": 26 }
        },
        "loc": {
          "start": { "line": 1, "column": 29 },
          "end": { "line": 204, "column": 1 }
        },
        "line": 1
      }
    },
    "branchMap": {},
    "s": { "0": 1 },
    "f": { "0": 1 },
    "b": {},
    "_coverageSchema": "1a1c01bbd47fc00a2c39e90264f33305004495a9",
    "hash": "daa28c0ec2a5779745854c73e6fe6074c4b70236"
  },
  "/Users/pavelmakarov/Desktop/gameOfLife_test/gameOfLife/src/virus.ts": {
    "path": "/Users/pavelmakarov/Desktop/gameOfLife_test/gameOfLife/src/virus.ts",
    "statementMap": {
      "0": {
        "start": { "line": 2, "column": 2 },
        "end": { "line": 203, "column": 4 }
      }
    },
    "fnMap": {
      "0": {
        "name": "virus",
        "decl": {
          "start": { "line": 1, "column": 16 },
          "end": { "line": 1, "column": 21 }
        },
        "loc": {
          "start": { "line": 1, "column": 24 },
          "end": { "line": 204, "column": 1 }
        },
        "line": 1
      }
    },
    "branchMap": {},
    "s": { "0": 1 },
    "f": { "0": 1 },
    "b": {},
    "_coverageSchema": "1a1c01bbd47fc00a2c39e90264f33305004495a9",
    "hash": "8ada2a8d4d5674106b9de94e927c42f3370b5af3"
  }
}
