{
  "/Users/pavelmakarov/Desktop/gameOfLife_test/gameOfLife/src/createGameOfLife.ts": {
    "path": "/Users/pavelmakarov/Desktop/gameOfLife_test/gameOfLife/src/createGameOfLife.ts",
    "statementMap": {
      "0": {
        "start": { "line": 6, "column": 31 },
        "end": { "line": 6, "column": 36 }
      },
      "1": {
        "start": { "line": 7, "column": 61 },
        "end": { "line": 7, "column": 65 }
      },
      "2": {
        "start": { "line": 8, "column": 23 },
        "end": { "line": 8, "column": 27 }
      },
      "3": {
        "start": { "line": 9, "column": 26 },
        "end": { "line": 9, "column": 30 }
      },
      "4": {
        "start": { "line": 10, "column": 24 },
        "end": { "line": 10, "column": 26 }
      },
      "5": {
        "start": { "line": 11, "column": 21 },
        "end": { "line": 11, "column": 23 }
      },
      "6": {
        "start": { "line": 13, "column": 2 },
        "end": { "line": 20, "column": 39 }
      },
      "7": {
        "start": { "line": 22, "column": 4 },
        "end": { "line": 22, "column": 47 }
      },
      "8": {
        "start": { "line": 23, "column": 33 },
        "end": { "line": 23, "column": 68 }
      },
      "9": {
        "start": { "line": 25, "column": 30 },
        "end": { "line": 25, "column": 32 }
      },
      "10": {
        "start": { "line": 26, "column": 4 },
        "end": { "line": 31, "column": 5 }
      },
      "11": {
        "start": { "line": 26, "column": 17 },
        "end": { "line": 26, "column": 18 }
      },
      "12": {
        "start": { "line": 27, "column": 6 },
        "end": { "line": 27, "column": 20 }
      },
      "13": {
        "start": { "line": 28, "column": 6 },
        "end": { "line": 30, "column": 7 }
      },
      "14": {
        "start": { "line": 28, "column": 19 },
        "end": { "line": 28, "column": 20 }
      },
      "15": {
        "start": { "line": 29, "column": 8 },
        "end": { "line": 29, "column": 24 }
      },
      "16": {
        "start": { "line": 32, "column": 4 },
        "end": { "line": 32, "column": 17 }
      },
      "17": {
        "start": { "line": 34, "column": 26 },
        "end": { "line": 34, "column": 50 }
      },
      "18": {
        "start": { "line": 36, "column": 4 },
        "end": { "line": 36, "column": 44 }
      },
      "19": {
        "start": { "line": 37, "column": 4 },
        "end": { "line": 37, "column": 54 }
      },
      "20": {
        "start": { "line": 40, "column": 2 },
        "end": { "line": 40, "column": 52 }
      },
      "21": {
        "start": { "line": 42, "column": 23 },
        "end": { "line": 44, "column": 30 }
      },
      "22": {
        "start": { "line": 45, "column": 20 },
        "end": { "line": 47, "column": 30 }
      },
      "23": {
        "start": { "line": 48, "column": 23 },
        "end": { "line": 48, "column": 56 }
      },
      "24": {
        "start": { "line": 50, "column": 4 },
        "end": { "line": 54, "column": 5 }
      },
      "25": {
        "start": { "line": 51, "column": 6 },
        "end": { "line": 53, "column": 7 }
      },
      "26": {
        "start": { "line": 52, "column": 8 },
        "end": { "line": 52, "column": 48 }
      },
      "27": {
        "start": { "line": 57, "column": 4 },
        "end": { "line": 61, "column": 5 }
      },
      "28": {
        "start": { "line": 58, "column": 6 },
        "end": { "line": 60, "column": 7 }
      },
      "29": {
        "start": { "line": 59, "column": 8 },
        "end": { "line": 59, "column": 42 }
      },
      "30": {
        "start": { "line": 63, "column": 2 },
        "end": { "line": 63, "column": 22 }
      },
      "31": {
        "start": { "line": 64, "column": 2 },
        "end": { "line": 64, "column": 19 }
      },
      "32": {
        "start": { "line": 65, "column": 29 },
        "end": { "line": 65, "column": 68 }
      },
      "33": {
        "start": { "line": 66, "column": 2 },
        "end": { "line": 73, "column": 3 }
      },
      "34": {
        "start": { "line": 67, "column": 4 },
        "end": { "line": 72, "column": 7 }
      },
      "35": {
        "start": { "line": 68, "column": 6 },
        "end": { "line": 68, "column": 16 }
      },
      "36": {
        "start": { "line": 69, "column": 6 },
        "end": { "line": 69, "column": 26 }
      },
      "37": {
        "start": { "line": 70, "column": 6 },
        "end": { "line": 70, "column": 39 }
      },
      "38": {
        "start": { "line": 71, "column": 6 },
        "end": { "line": 71, "column": 56 }
      },
      "39": {
        "start": { "line": 74, "column": 28 },
        "end": { "line": 74, "column": 66 }
      },
      "40": {
        "start": { "line": 75, "column": 2 },
        "end": { "line": 82, "column": 3 }
      },
      "41": {
        "start": { "line": 76, "column": 4 },
        "end": { "line": 81, "column": 7 }
      },
      "42": {
        "start": { "line": 77, "column": 6 },
        "end": { "line": 77, "column": 16 }
      },
      "43": {
        "start": { "line": 78, "column": 6 },
        "end": { "line": 78, "column": 26 }
      },
      "44": {
        "start": { "line": 79, "column": 6 },
        "end": { "line": 79, "column": 39 }
      },
      "45": {
        "start": { "line": 80, "column": 6 },
        "end": { "line": 80, "column": 56 }
      },
      "46": {
        "start": { "line": 83, "column": 26 },
        "end": { "line": 83, "column": 62 }
      },
      "47": {
        "start": { "line": 84, "column": 2 },
        "end": { "line": 91, "column": 3 }
      },
      "48": {
        "start": { "line": 85, "column": 4 },
        "end": { "line": 90, "column": 7 }
      },
      "49": {
        "start": { "line": 86, "column": 6 },
        "end": { "line": 86, "column": 13 }
      },
      "50": {
        "start": { "line": 87, "column": 6 },
        "end": { "line": 87, "column": 23 }
      },
      "51": {
        "start": { "line": 88, "column": 6 },
        "end": { "line": 88, "column": 39 }
      },
      "52": {
        "start": { "line": 89, "column": 6 },
        "end": { "line": 89, "column": 56 }
      },
      "53": {
        "start": { "line": 92, "column": 25 },
        "end": { "line": 92, "column": 60 }
      },
      "54": {
        "start": { "line": 93, "column": 2 },
        "end": { "line": 100, "column": 3 }
      },
      "55": {
        "start": { "line": 94, "column": 4 },
        "end": { "line": 99, "column": 7 }
      },
      "56": {
        "start": { "line": 95, "column": 6 },
        "end": { "line": 95, "column": 13 }
      },
      "57": {
        "start": { "line": 96, "column": 6 },
        "end": { "line": 96, "column": 23 }
      },
      "58": {
        "start": { "line": 97, "column": 6 },
        "end": { "line": 97, "column": 39 }
      },
      "59": {
        "start": { "line": 98, "column": 6 },
        "end": { "line": 98, "column": 56 }
      },
      "60": {
        "start": { "line": 104, "column": 4 },
        "end": { "line": 104, "column": 27 }
      },
      "61": {
        "start": { "line": 106, "column": 4 },
        "end": { "line": 106, "column": 33 }
      },
      "62": {
        "start": { "line": 107, "column": 4 },
        "end": { "line": 107, "column": 37 }
      },
      "63": {
        "start": { "line": 108, "column": 4 },
        "end": { "line": 108, "column": 54 }
      },
      "64": {
        "start": { "line": 110, "column": 20 },
        "end": { "line": 110, "column": 56 }
      },
      "65": {
        "start": { "line": 111, "column": 2 },
        "end": { "line": 115, "column": 3 }
      },
      "66": {
        "start": { "line": 112, "column": 4 },
        "end": { "line": 114, "column": 7 }
      },
      "67": {
        "start": { "line": 113, "column": 6 },
        "end": { "line": 113, "column": 26 }
      },
      "68": {
        "start": { "line": 116, "column": 16 },
        "end": { "line": 116, "column": 48 }
      },
      "69": {
        "start": { "line": 117, "column": 2 },
        "end": { "line": 121, "column": 3 }
      },
      "70": {
        "start": { "line": 118, "column": 4 },
        "end": { "line": 120, "column": 7 }
      },
      "71": {
        "start": { "line": 119, "column": 6 },
        "end": { "line": 119, "column": 26 }
      },
      "72": {
        "start": { "line": 124, "column": 27 },
        "end": { "line": 124, "column": 64 }
      },
      "73": {
        "start": { "line": 125, "column": 4 },
        "end": { "line": 134, "column": 5 }
      },
      "74": {
        "start": { "line": 126, "column": 6 },
        "end": { "line": 133, "column": 9 }
      },
      "75": {
        "start": { "line": 127, "column": 8 },
        "end": { "line": 132, "column": 9 }
      },
      "76": {
        "start": { "line": 128, "column": 10 },
        "end": { "line": 128, "column": 25 }
      },
      "77": {
        "start": { "line": 129, "column": 10 },
        "end": { "line": 129, "column": 24 }
      },
      "78": {
        "start": { "line": 131, "column": 10 },
        "end": { "line": 131, "column": 54 }
      },
      "79": {
        "start": { "line": 136, "column": 2 },
        "end": { "line": 136, "column": 15 }
      },
      "80": {
        "start": { "line": 138, "column": 26 },
        "end": { "line": 138, "column": 62 }
      },
      "81": {
        "start": { "line": 139, "column": 4 },
        "end": { "line": 148, "column": 5 }
      },
      "82": {
        "start": { "line": 140, "column": 6 },
        "end": { "line": 147, "column": 9 }
      },
      "83": {
        "start": { "line": 141, "column": 8 },
        "end": { "line": 146, "column": 9 }
      },
      "84": {
        "start": { "line": 142, "column": 10 },
        "end": { "line": 142, "column": 25 }
      },
      "85": {
        "start": { "line": 143, "column": 10 },
        "end": { "line": 143, "column": 24 }
      },
      "86": {
        "start": { "line": 145, "column": 10 },
        "end": { "line": 145, "column": 54 }
      },
      "87": {
        "start": { "line": 150, "column": 2 },
        "end": { "line": 150, "column": 14 }
      },
      "88": {
        "start": { "line": 152, "column": 4 },
        "end": { "line": 152, "column": 26 }
      },
      "89": {
        "start": { "line": 153, "column": 4 },
        "end": { "line": 153, "column": 32 }
      },
      "90": {
        "start": { "line": 154, "column": 4 },
        "end": { "line": 154, "column": 26 }
      },
      "91": {
        "start": { "line": 159, "column": 4 },
        "end": { "line": 159, "column": 25 }
      },
      "92": {
        "start": { "line": 160, "column": 4 },
        "end": { "line": 160, "column": 31 }
      },
      "93": {
        "start": { "line": 162, "column": 4 },
        "end": { "line": 176, "column": 15 }
      },
      "94": {
        "start": { "line": 170, "column": 6 },
        "end": { "line": 170, "column": 34 }
      },
      "95": {
        "start": { "line": 171, "column": 6 },
        "end": { "line": 171, "column": 56 }
      },
      "96": {
        "start": { "line": 172, "column": 6 },
        "end": { "line": 175, "column": 7 }
      },
      "97": {
        "start": { "line": 173, "column": 8 },
        "end": { "line": 173, "column": 36 }
      },
      "98": {
        "start": { "line": 174, "column": 8 },
        "end": { "line": 174, "column": 19 }
      },
      "99": {
        "start": { "line": 178, "column": 2 },
        "end": { "line": 184, "column": 5 }
      },
      "100": {
        "start": { "line": 179, "column": 4 },
        "end": { "line": 183, "column": 5 }
      },
      "101": {
        "start": { "line": 180, "column": 6 },
        "end": { "line": 180, "column": 18 }
      },
      "102": {
        "start": { "line": 182, "column": 6 },
        "end": { "line": 182, "column": 17 }
      }
    },
    "fnMap": {
      "0": {
        "name": "createGameOfLife",
        "decl": {
          "start": { "line": 5, "column": 16 },
          "end": { "line": 5, "column": 32 }
        },
        "loc": {
          "start": { "line": 5, "column": 55 },
          "end": { "line": 185, "column": 1 }
        },
        "line": 5
      },
      "1": {
        "name": "fillField",
        "decl": {
          "start": { "line": 24, "column": 11 },
          "end": { "line": 24, "column": 20 }
        },
        "loc": {
          "start": { "line": 24, "column": 54 },
          "end": { "line": 33, "column": 3 }
        },
        "line": 24
      },
      "2": {
        "name": "cellClickHandler",
        "decl": {
          "start": { "line": 35, "column": 11 },
          "end": { "line": 35, "column": 27 }
        },
        "loc": {
          "start": { "line": 35, "column": 50 },
          "end": { "line": 38, "column": 3 }
        },
        "line": 35
      },
      "3": {
        "name": "checkInputColumns",
        "decl": {
          "start": { "line": 49, "column": 11 },
          "end": { "line": 49, "column": 28 }
        },
        "loc": {
          "start": { "line": 49, "column": 31 },
          "end": { "line": 55, "column": 3 }
        },
        "line": 49
      },
      "4": {
        "name": "checkInputRows",
        "decl": {
          "start": { "line": 56, "column": 11 },
          "end": { "line": 56, "column": 25 }
        },
        "loc": {
          "start": { "line": 56, "column": 28 },
          "end": { "line": 62, "column": 3 }
        },
        "line": 56
      },
      "5": {
        "name": "(anonymous_5)",
        "decl": {
          "start": { "line": 67, "column": 49 },
          "end": { "line": 67, "column": 50 }
        },
        "loc": {
          "start": { "line": 67, "column": 55 },
          "end": { "line": 72, "column": 5 }
        },
        "line": 67
      },
      "6": {
        "name": "(anonymous_6)",
        "decl": {
          "start": { "line": 76, "column": 48 },
          "end": { "line": 76, "column": 49 }
        },
        "loc": {
          "start": { "line": 76, "column": 54 },
          "end": { "line": 81, "column": 5 }
        },
        "line": 76
      },
      "7": {
        "name": "(anonymous_7)",
        "decl": {
          "start": { "line": 85, "column": 46 },
          "end": { "line": 85, "column": 47 }
        },
        "loc": {
          "start": { "line": 85, "column": 52 },
          "end": { "line": 90, "column": 5 }
        },
        "line": 85
      },
      "8": {
        "name": "(anonymous_8)",
        "decl": {
          "start": { "line": 94, "column": 45 },
          "end": { "line": 94, "column": 46 }
        },
        "loc": {
          "start": { "line": 94, "column": 51 },
          "end": { "line": 99, "column": 5 }
        },
        "line": 94
      },
      "9": {
        "name": "clearAndEnterSize",
        "decl": {
          "start": { "line": 102, "column": 11 },
          "end": { "line": 102, "column": 28 }
        },
        "loc": {
          "start": { "line": 102, "column": 31 },
          "end": { "line": 109, "column": 3 }
        },
        "line": 102
      },
      "10": {
        "name": "(anonymous_10)",
        "decl": {
          "start": { "line": 112, "column": 40 },
          "end": { "line": 112, "column": 41 }
        },
        "loc": {
          "start": { "line": 112, "column": 46 },
          "end": { "line": 114, "column": 5 }
        },
        "line": 112
      },
      "11": {
        "name": "(anonymous_11)",
        "decl": {
          "start": { "line": 118, "column": 36 },
          "end": { "line": 118, "column": 37 }
        },
        "loc": {
          "start": { "line": 118, "column": 42 },
          "end": { "line": 120, "column": 5 }
        },
        "line": 118
      },
      "12": {
        "name": "minusSpeed",
        "decl": {
          "start": { "line": 123, "column": 11 },
          "end": { "line": 123, "column": 21 }
        },
        "loc": {
          "start": { "line": 123, "column": 24 },
          "end": { "line": 135, "column": 3 }
        },
        "line": 123
      },
      "13": {
        "name": "(anonymous_13)",
        "decl": {
          "start": { "line": 126, "column": 47 },
          "end": { "line": 126, "column": 48 }
        },
        "loc": {
          "start": { "line": 126, "column": 53 },
          "end": { "line": 133, "column": 7 }
        },
        "line": 126
      },
      "14": {
        "name": "plusSpeed",
        "decl": {
          "start": { "line": 137, "column": 11 },
          "end": { "line": 137, "column": 20 }
        },
        "loc": {
          "start": { "line": 137, "column": 23 },
          "end": { "line": 149, "column": 3 }
        },
        "line": 137
      },
      "15": {
        "name": "(anonymous_15)",
        "decl": {
          "start": { "line": 140, "column": 46 },
          "end": { "line": 140, "column": 47 }
        },
        "loc": {
          "start": { "line": 140, "column": 52 },
          "end": { "line": 147, "column": 7 }
        },
        "line": 140
      },
      "16": {
        "name": "stopGame",
        "decl": {
          "start": { "line": 151, "column": 11 },
          "end": { "line": 151, "column": 19 }
        },
        "loc": {
          "start": { "line": 151, "column": 22 },
          "end": { "line": 155, "column": 3 }
        },
        "line": 151
      },
      "17": {
        "name": "startGame",
        "decl": {
          "start": { "line": 156, "column": 11 },
          "end": { "line": 156, "column": 20 }
        },
        "loc": {
          "start": { "line": 156, "column": 23 },
          "end": { "line": 177, "column": 3 }
        },
        "line": 156
      },
      "18": {
        "name": "(anonymous_18)",
        "decl": {
          "start": { "line": 162, "column": 24 },
          "end": { "line": 162, "column": 25 }
        },
        "loc": {
          "start": { "line": 162, "column": 30 },
          "end": { "line": 176, "column": 5 }
        },
        "line": 162
      },
      "19": {
        "name": "(anonymous_19)",
        "decl": {
          "start": { "line": 178, "column": 36 },
          "end": { "line": 178, "column": 37 }
        },
        "loc": {
          "start": { "line": 178, "column": 42 },
          "end": { "line": 184, "column": 3 }
        },
        "line": 178
      }
    },
    "branchMap": {
      "0": {
        "loc": {
          "start": { "line": 36, "column": 18 },
          "end": { "line": 36, "column": 43 }
        },
        "type": "cond-expr",
        "locations": [
          {
            "start": { "line": 36, "column": 38 },
            "end": { "line": 36, "column": 39 }
          },
          {
            "start": { "line": 36, "column": 42 },
            "end": { "line": 36, "column": 43 }
          }
        ],
        "line": 36
      },
      "1": {
        "loc": {
          "start": { "line": 50, "column": 4 },
          "end": { "line": 54, "column": 5 }
        },
        "type": "if",
        "locations": [
          {
            "start": { "line": 50, "column": 4 },
            "end": { "line": 54, "column": 5 }
          },
          { "start": {}, "end": {} }
        ],
        "line": 50
      },
      "2": {
        "loc": {
          "start": { "line": 51, "column": 6 },
          "end": { "line": 53, "column": 7 }
        },
        "type": "if",
        "locations": [
          {
            "start": { "line": 51, "column": 6 },
            "end": { "line": 53, "column": 7 }
          },
          { "start": {}, "end": {} }
        ],
        "line": 51
      },
      "3": {
        "loc": {
          "start": { "line": 51, "column": 10 },
          "end": { "line": 51, "column": 53 }
        },
        "type": "binary-expr",
        "locations": [
          {
            "start": { "line": 51, "column": 10 },
            "end": { "line": 51, "column": 22 }
          },
          {
            "start": { "line": 51, "column": 26 },
            "end": { "line": 51, "column": 53 }
          }
        ],
        "line": 51
      },
      "4": {
        "loc": {
          "start": { "line": 57, "column": 4 },
          "end": { "line": 61, "column": 5 }
        },
        "type": "if",
        "locations": [
          {
            "start": { "line": 57, "column": 4 },
            "end": { "line": 61, "column": 5 }
          },
          { "start": {}, "end": {} }
        ],
        "line": 57
      },
      "5": {
        "loc": {
          "start": { "line": 58, "column": 6 },
          "end": { "line": 60, "column": 7 }
        },
        "type": "if",
        "locations": [
          {
            "start": { "line": 58, "column": 6 },
            "end": { "line": 60, "column": 7 }
          },
          { "start": {}, "end": {} }
        ],
        "line": 58
      },
      "6": {
        "loc": {
          "start": { "line": 58, "column": 10 },
          "end": { "line": 58, "column": 47 }
        },
        "type": "binary-expr",
        "locations": [
          {
            "start": { "line": 58, "column": 10 },
            "end": { "line": 58, "column": 19 }
          },
          {
            "start": { "line": 58, "column": 23 },
            "end": { "line": 58, "column": 47 }
          }
        ],
        "line": 58
      },
      "7": {
        "loc": {
          "start": { "line": 66, "column": 2 },
          "end": { "line": 73, "column": 3 }
        },
        "type": "if",
        "locations": [
          {
            "start": { "line": 66, "column": 2 },
            "end": { "line": 73, "column": 3 }
          },
          { "start": {}, "end": {} }
        ],
        "line": 66
      },
      "8": {
        "loc": {
          "start": { "line": 75, "column": 2 },
          "end": { "line": 82, "column": 3 }
        },
        "type": "if",
        "locations": [
          {
            "start": { "line": 75, "column": 2 },
            "end": { "line": 82, "column": 3 }
          },
          { "start": {}, "end": {} }
        ],
        "line": 75
      },
      "9": {
        "loc": {
          "start": { "line": 84, "column": 2 },
          "end": { "line": 91, "column": 3 }
        },
        "type": "if",
        "locations": [
          {
            "start": { "line": 84, "column": 2 },
            "end": { "line": 91, "column": 3 }
          },
          { "start": {}, "end": {} }
        ],
        "line": 84
      },
      "10": {
        "loc": {
          "start": { "line": 93, "column": 2 },
          "end": { "line": 100, "column": 3 }
        },
        "type": "if",
        "locations": [
          {
            "start": { "line": 93, "column": 2 },
            "end": { "line": 100, "column": 3 }
          },
          { "start": {}, "end": {} }
        ],
        "line": 93
      },
      "11": {
        "loc": {
          "start": { "line": 111, "column": 2 },
          "end": { "line": 115, "column": 3 }
        },
        "type": "if",
        "locations": [
          {
            "start": { "line": 111, "column": 2 },
            "end": { "line": 115, "column": 3 }
          },
          { "start": {}, "end": {} }
        ],
        "line": 111
      },
      "12": {
        "loc": {
          "start": { "line": 117, "column": 2 },
          "end": { "line": 121, "column": 3 }
        },
        "type": "if",
        "locations": [
          {
            "start": { "line": 117, "column": 2 },
            "end": { "line": 121, "column": 3 }
          },
          { "start": {}, "end": {} }
        ],
        "line": 117
      },
      "13": {
        "loc": {
          "start": { "line": 125, "column": 4 },
          "end": { "line": 134, "column": 5 }
        },
        "type": "if",
        "locations": [
          {
            "start": { "line": 125, "column": 4 },
            "end": { "line": 134, "column": 5 }
          },
          { "start": {}, "end": {} }
        ],
        "line": 125
      },
      "14": {
        "loc": {
          "start": { "line": 127, "column": 8 },
          "end": { "line": 132, "column": 9 }
        },
        "type": "if",
        "locations": [
          {
            "start": { "line": 127, "column": 8 },
            "end": { "line": 132, "column": 9 }
          },
          { "start": {}, "end": {} }
        ],
        "line": 127
      },
      "15": {
        "loc": {
          "start": { "line": 139, "column": 4 },
          "end": { "line": 148, "column": 5 }
        },
        "type": "if",
        "locations": [
          {
            "start": { "line": 139, "column": 4 },
            "end": { "line": 148, "column": 5 }
          },
          { "start": {}, "end": {} }
        ],
        "line": 139
      },
      "16": {
        "loc": {
          "start": { "line": 141, "column": 8 },
          "end": { "line": 146, "column": 9 }
        },
        "type": "if",
        "locations": [
          {
            "start": { "line": 141, "column": 8 },
            "end": { "line": 146, "column": 9 }
          },
          { "start": {}, "end": {} }
        ],
        "line": 141
      },
      "17": {
        "loc": {
          "start": { "line": 172, "column": 6 },
          "end": { "line": 175, "column": 7 }
        },
        "type": "if",
        "locations": [
          {
            "start": { "line": 172, "column": 6 },
            "end": { "line": 175, "column": 7 }
          },
          { "start": {}, "end": {} }
        ],
        "line": 172
      },
      "18": {
        "loc": {
          "start": { "line": 179, "column": 4 },
          "end": { "line": 183, "column": 5 }
        },
        "type": "if",
        "locations": [
          {
            "start": { "line": 179, "column": 4 },
            "end": { "line": 183, "column": 5 }
          },
          {
            "start": { "line": 181, "column": 11 },
            "end": { "line": 183, "column": 5 }
          }
        ],
        "line": 179
      }
    },
    "s": {
      "0": 6,
      "1": 6,
      "2": 6,
      "3": 6,
      "4": 6,
      "5": 6,
      "6": 6,
      "7": 6,
      "8": 6,
      "9": 6,
      "10": 6,
      "11": 6,
      "12": 60,
      "13": 60,
      "14": 60,
      "15": 600,
      "16": 6,
      "17": 6,
      "18": 6,
      "19": 6,
      "20": 6,
      "21": 6,
      "22": 6,
      "23": 6,
      "24": 6,
      "25": 0,
      "26": 0,
      "27": 6,
      "28": 0,
      "29": 0,
      "30": 6,
      "31": 6,
      "32": 6,
      "33": 6,
      "34": 0,
      "35": 0,
      "36": 0,
      "37": 0,
      "38": 0,
      "39": 6,
      "40": 6,
      "41": 0,
      "42": 0,
      "43": 0,
      "44": 0,
      "45": 0,
      "46": 6,
      "47": 6,
      "48": 0,
      "49": 0,
      "50": 0,
      "51": 0,
      "52": 0,
      "53": 6,
      "54": 6,
      "55": 0,
      "56": 0,
      "57": 0,
      "58": 0,
      "59": 0,
      "60": 0,
      "61": 0,
      "62": 0,
      "63": 0,
      "64": 6,
      "65": 6,
      "66": 0,
      "67": 0,
      "68": 6,
      "69": 6,
      "70": 0,
      "71": 0,
      "72": 6,
      "73": 6,
      "74": 0,
      "75": 0,
      "76": 0,
      "77": 0,
      "78": 0,
      "79": 6,
      "80": 6,
      "81": 6,
      "82": 0,
      "83": 0,
      "84": 0,
      "85": 0,
      "86": 0,
      "87": 6,
      "88": 3,
      "89": 3,
      "90": 3,
      "91": 3,
      "92": 3,
      "93": 3,
      "94": 2,
      "95": 2,
      "96": 2,
      "97": 2,
      "98": 2,
      "99": 6,
      "100": 4,
      "101": 3,
      "102": 1
    },
    "f": {
      "0": 6,
      "1": 6,
      "2": 6,
      "3": 6,
      "4": 6,
      "5": 0,
      "6": 0,
      "7": 0,
      "8": 0,
      "9": 0,
      "10": 0,
      "11": 0,
      "12": 6,
      "13": 0,
      "14": 6,
      "15": 0,
      "16": 3,
      "17": 3,
      "18": 2,
      "19": 4
    },
    "b": {
      "0": [5, 1],
      "1": [0, 6],
      "2": [0, 0],
      "3": [0, 0],
      "4": [0, 6],
      "5": [0, 0],
      "6": [0, 0],
      "7": [0, 6],
      "8": [0, 6],
      "9": [0, 6],
      "10": [0, 6],
      "11": [0, 6],
      "12": [0, 6],
      "13": [0, 6],
      "14": [0, 0],
      "15": [0, 6],
      "16": [0, 0],
      "17": [2, 0],
      "18": [3, 1]
    },
    "_coverageSchema": "1a1c01bbd47fc00a2c39e90264f33305004495a9",
    "hash": "cbb02a81ec0c5d993ae13d549c7db73dbc6e03d0"
  },
  "/Users/pavelmakarov/Desktop/gameOfLife_test/gameOfLife/src/drawField.ts": {
    "path": "/Users/pavelmakarov/Desktop/gameOfLife_test/gameOfLife/src/drawField.ts",
    "statementMap": {
      "0": {
        "start": { "line": 6, "column": 22 },
        "end": { "line": 22, "column": 22 }
      },
      "1": {
        "start": { "line": 7, "column": 4 },
        "end": { "line": 22, "column": 22 }
      },
      "2": {
        "start": { "line": 9, "column": 8 },
        "end": { "line": 15, "column": 9 }
      },
      "3": {
        "start": { "line": 10, "column": 10 },
        "end": { "line": 14, "column": 76 }
      },
      "4": {
        "start": { "line": 16, "column": 8 },
        "end": { "line": 20, "column": 74 }
      },
      "5": {
        "start": { "line": 24, "column": 16 },
        "end": { "line": 24, "column": 76 }
      },
      "6": {
        "start": { "line": 26, "column": 2 },
        "end": { "line": 26, "column": 33 }
      },
      "7": {
        "start": { "line": 28, "column": 2 },
        "end": { "line": 37, "column": 5 }
      },
      "8": {
        "start": { "line": 29, "column": 27 },
        "end": { "line": 29, "column": 36 }
      },
      "9": {
        "start": { "line": 31, "column": 14 },
        "end": { "line": 31, "column": 51 }
      },
      "10": {
        "start": { "line": 33, "column": 14 },
        "end": { "line": 33, "column": 51 }
      },
      "11": {
        "start": { "line": 34, "column": 4 },
        "end": { "line": 36, "column": 5 }
      },
      "12": {
        "start": { "line": 35, "column": 6 },
        "end": { "line": 35, "column": 40 }
      }
    },
    "fnMap": {
      "0": {
        "name": "drawField",
        "decl": {
          "start": { "line": 1, "column": 16 },
          "end": { "line": 1, "column": 25 }
        },
        "loc": {
          "start": { "line": 5, "column": 2 },
          "end": { "line": 38, "column": 1 }
        },
        "line": 5
      },
      "1": {
        "name": "(anonymous_1)",
        "decl": {
          "start": { "line": 6, "column": 22 },
          "end": { "line": 6, "column": 23 }
        },
        "loc": {
          "start": { "line": 7, "column": 4 },
          "end": { "line": 22, "column": 22 }
        },
        "line": 7
      },
      "2": {
        "name": "(anonymous_2)",
        "decl": {
          "start": { "line": 8, "column": 11 },
          "end": { "line": 8, "column": 12 }
        },
        "loc": {
          "start": { "line": 8, "column": 50 },
          "end": { "line": 21, "column": 7 }
        },
        "line": 8
      },
      "3": {
        "name": "(anonymous_3)",
        "decl": {
          "start": { "line": 28, "column": 65 },
          "end": { "line": 28, "column": 66 }
        },
        "loc": {
          "start": { "line": 28, "column": 73 },
          "end": { "line": 37, "column": 3 }
        },
        "line": 28
      }
    },
    "branchMap": {
      "0": {
        "loc": {
          "start": { "line": 9, "column": 8 },
          "end": { "line": 15, "column": 9 }
        },
        "type": "if",
        "locations": [
          {
            "start": { "line": 9, "column": 8 },
            "end": { "line": 15, "column": 9 }
          },
          { "start": {}, "end": {} }
        ],
        "line": 9
      },
      "1": {
        "loc": {
          "start": { "line": 34, "column": 4 },
          "end": { "line": 36, "column": 5 }
        },
        "type": "if",
        "locations": [
          {
            "start": { "line": 34, "column": 4 },
            "end": { "line": 36, "column": 5 }
          },
          { "start": {}, "end": {} }
        ],
        "line": 34
      },
      "2": {
        "loc": {
          "start": { "line": 34, "column": 8 },
          "end": { "line": 34, "column": 24 }
        },
        "type": "binary-expr",
        "locations": [
          {
            "start": { "line": 34, "column": 8 },
            "end": { "line": 34, "column": 14 }
          },
          {
            "start": { "line": 34, "column": 18 },
            "end": { "line": 34, "column": 24 }
          }
        ],
        "line": 34
      }
    },
    "s": {
      "0": 3,
      "1": 5,
      "2": 11,
      "3": 4,
      "4": 7,
      "5": 3,
      "6": 3,
      "7": 3,
      "8": 0,
      "9": 0,
      "10": 0,
      "11": 0,
      "12": 0
    },
    "f": { "0": 3, "1": 5, "2": 11, "3": 0 },
    "b": { "0": [4, 7], "1": [0, 0], "2": [0, 0] },
    "_coverageSchema": "1a1c01bbd47fc00a2c39e90264f33305004495a9",
    "hash": "21321e84c2783febaef564b50a22600fe0df3e21"
  },
  "/Users/pavelmakarov/Desktop/gameOfLife_test/gameOfLife/src/getCellState.ts": {
    "path": "/Users/pavelmakarov/Desktop/gameOfLife_test/gameOfLife/src/getCellState.ts",
    "statementMap": {
      "0": {
        "start": { "line": 2, "column": 14 },
        "end": { "line": 2, "column": 22 }
      },
      "1": {
        "start": { "line": 3, "column": 2 },
        "end": { "line": 5, "column": 3 }
      },
      "2": {
        "start": { "line": 4, "column": 4 },
        "end": { "line": 4, "column": 13 }
      },
      "3": {
        "start": { "line": 6, "column": 15 },
        "end": { "line": 6, "column": 21 }
      },
      "4": {
        "start": { "line": 7, "column": 2 },
        "end": { "line": 9, "column": 3 }
      },
      "5": {
        "start": { "line": 8, "column": 4 },
        "end": { "line": 8, "column": 13 }
      },
      "6": {
        "start": { "line": 10, "column": 2 },
        "end": { "line": 10, "column": 14 }
      }
    },
    "fnMap": {
      "0": {
        "name": "getCellState",
        "decl": {
          "start": { "line": 1, "column": 16 },
          "end": { "line": 1, "column": 28 }
        },
        "loc": {
          "start": { "line": 1, "column": 70 },
          "end": { "line": 11, "column": 1 }
        },
        "line": 1
      }
    },
    "branchMap": {
      "0": {
        "loc": {
          "start": { "line": 3, "column": 2 },
          "end": { "line": 5, "column": 3 }
        },
        "type": "if",
        "locations": [
          {
            "start": { "line": 3, "column": 2 },
            "end": { "line": 5, "column": 3 }
          },
          { "start": {}, "end": {} }
        ],
        "line": 3
      },
      "1": {
        "loc": {
          "start": { "line": 7, "column": 2 },
          "end": { "line": 9, "column": 3 }
        },
        "type": "if",
        "locations": [
          {
            "start": { "line": 7, "column": 2 },
            "end": { "line": 9, "column": 3 }
          },
          { "start": {}, "end": {} }
        ],
        "line": 7
      }
    },
    "s": {
      "0": 1800,
      "1": 1800,
      "2": 120,
      "3": 1680,
      "4": 1680,
      "5": 112,
      "6": 1568
    },
    "f": { "0": 1800 },
    "b": { "0": [120, 1680], "1": [112, 1568] },
    "_coverageSchema": "1a1c01bbd47fc00a2c39e90264f33305004495a9",
    "hash": "a67a5ca67abcd589f7f9706cfeafff4c2dad9b94"
  },
  "/Users/pavelmakarov/Desktop/gameOfLife_test/gameOfLife/src/getNewCellState.ts": {
    "path": "/Users/pavelmakarov/Desktop/gameOfLife_test/gameOfLife/src/getNewCellState.ts",
    "statementMap": {
      "0": {
        "start": { "line": 5, "column": 2 },
        "end": { "line": 7, "column": 3 }
      },
      "1": {
        "start": { "line": 6, "column": 4 },
        "end": { "line": 6, "column": 13 }
      },
      "2": {
        "start": { "line": 8, "column": 2 },
        "end": { "line": 10, "column": 3 }
      },
      "3": {
        "start": { "line": 9, "column": 4 },
        "end": { "line": 9, "column": 13 }
      },
      "4": {
        "start": { "line": 11, "column": 2 },
        "end": { "line": 13, "column": 3 }
      },
      "5": {
        "start": { "line": 12, "column": 4 },
        "end": { "line": 12, "column": 13 }
      },
      "6": {
        "start": { "line": 14, "column": 2 },
        "end": { "line": 14, "column": 11 }
      }
    },
    "fnMap": {
      "0": {
        "name": "getNewCellState",
        "decl": {
          "start": { "line": 1, "column": 16 },
          "end": { "line": 1, "column": 31 }
        },
        "loc": {
          "start": { "line": 4, "column": 2 },
          "end": { "line": 15, "column": 1 }
        },
        "line": 4
      }
    },
    "branchMap": {
      "0": {
        "loc": {
          "start": { "line": 5, "column": 2 },
          "end": { "line": 7, "column": 3 }
        },
        "type": "if",
        "locations": [
          {
            "start": { "line": 5, "column": 2 },
            "end": { "line": 7, "column": 3 }
          },
          { "start": {}, "end": {} }
        ],
        "line": 5
      },
      "1": {
        "loc": {
          "start": { "line": 8, "column": 2 },
          "end": { "line": 10, "column": 3 }
        },
        "type": "if",
        "locations": [
          {
            "start": { "line": 8, "column": 2 },
            "end": { "line": 10, "column": 3 }
          },
          { "start": {}, "end": {} }
        ],
        "line": 8
      },
      "2": {
        "loc": {
          "start": { "line": 8, "column": 6 },
          "end": { "line": 8, "column": 58 }
        },
        "type": "binary-expr",
        "locations": [
          {
            "start": { "line": 8, "column": 6 },
            "end": { "line": 8, "column": 30 }
          },
          {
            "start": { "line": 8, "column": 34 },
            "end": { "line": 8, "column": 58 }
          }
        ],
        "line": 8
      },
      "3": {
        "loc": {
          "start": { "line": 11, "column": 2 },
          "end": { "line": 13, "column": 3 }
        },
        "type": "if",
        "locations": [
          {
            "start": { "line": 11, "column": 2 },
            "end": { "line": 13, "column": 3 }
          },
          { "start": {}, "end": {} }
        ],
        "line": 11
      },
      "4": {
        "loc": {
          "start": { "line": 11, "column": 6 },
          "end": { "line": 11, "column": 58 }
        },
        "type": "binary-expr",
        "locations": [
          {
            "start": { "line": 11, "column": 6 },
            "end": { "line": 11, "column": 32 }
          },
          {
            "start": { "line": 11, "column": 36 },
            "end": { "line": 11, "column": 58 }
          }
        ],
        "line": 11
      }
    },
    "s": { "0": 218, "1": 2, "2": 216, "3": 214, "4": 2, "5": 1, "6": 1 },
    "f": { "0": 218 },
    "b": {
      "0": [2, 216],
      "1": [214, 2],
      "2": [216, 206],
      "3": [1, 1],
      "4": [2, 2]
    },
    "_coverageSchema": "1a1c01bbd47fc00a2c39e90264f33305004495a9",
    "hash": "c8c90aa803fca8b66e6d84474e87bafcf89ed9d3"
  },
  "/Users/pavelmakarov/Desktop/gameOfLife_test/gameOfLife/src/getNextState.ts": {
    "path": "/Users/pavelmakarov/Desktop/gameOfLife_test/gameOfLife/src/getNextState.ts",
    "statementMap": {
      "0": {
        "start": { "line": 6, "column": 2 },
        "end": { "line": 13, "column": 4 }
      },
      "1": {
        "start": { "line": 7, "column": 4 },
        "end": { "line": 12, "column": 6 }
      },
      "2": {
        "start": { "line": 8, "column": 17 },
        "end": { "line": 8, "column": 68 }
      },
      "3": {
        "start": { "line": 9, "column": 27 },
        "end": { "line": 9, "column": 67 }
      },
      "4": {
        "start": { "line": 10, "column": 23 },
        "end": { "line": 10, "column": 56 }
      },
      "5": {
        "start": { "line": 11, "column": 6 },
        "end": { "line": 11, "column": 22 }
      }
    },
    "fnMap": {
      "0": {
        "name": "getNextState",
        "decl": {
          "start": { "line": 5, "column": 16 },
          "end": { "line": 5, "column": 28 }
        },
        "loc": {
          "start": { "line": 5, "column": 48 },
          "end": { "line": 14, "column": 1 }
        },
        "line": 5
      },
      "1": {
        "name": "(anonymous_1)",
        "decl": {
          "start": { "line": 6, "column": 19 },
          "end": { "line": 6, "column": 20 }
        },
        "loc": {
          "start": { "line": 7, "column": 4 },
          "end": { "line": 12, "column": 6 }
        },
        "line": 7
      },
      "2": {
        "name": "(anonymous_2)",
        "decl": {
          "start": { "line": 7, "column": 12 },
          "end": { "line": 7, "column": 13 }
        },
        "loc": {
          "start": { "line": 7, "column": 49 },
          "end": { "line": 12, "column": 5 }
        },
        "line": 7
      }
    },
    "branchMap": {},
    "s": { "0": 2, "1": 20, "2": 200, "3": 200, "4": 200, "5": 200 },
    "f": { "0": 2, "1": 20, "2": 200 },
    "b": {},
    "_coverageSchema": "1a1c01bbd47fc00a2c39e90264f33305004495a9",
    "hash": "bb2064cd87957e96df375339739aef813a9136ec"
  },
  "/Users/pavelmakarov/Desktop/gameOfLife_test/gameOfLife/src/getNumOfAliveNeighbours.ts": {
    "path": "/Users/pavelmakarov/Desktop/gameOfLife_test/gameOfLife/src/getNumOfAliveNeighbours.ts",
    "statementMap": {
      "0": {
        "start": { "line": 8, "column": 19 },
        "end": { "line": 8, "column": 20 }
      },
      "1": {
        "start": { "line": 10, "column": 2 },
        "end": { "line": 12, "column": 3 }
      },
      "2": {
        "start": { "line": 10, "column": 15 },
        "end": { "line": 10, "column": 25 }
      },
      "3": {
        "start": { "line": 11, "column": 4 },
        "end": { "line": 11, "column": 58 }
      },
      "4": {
        "start": { "line": 14, "column": 2 },
        "end": { "line": 16, "column": 3 }
      },
      "5": {
        "start": { "line": 14, "column": 15 },
        "end": { "line": 14, "column": 25 }
      },
      "6": {
        "start": { "line": 15, "column": 4 },
        "end": { "line": 15, "column": 58 }
      },
      "7": {
        "start": { "line": 18, "column": 2 },
        "end": { "line": 18, "column": 61 }
      },
      "8": {
        "start": { "line": 19, "column": 2 },
        "end": { "line": 19, "column": 61 }
      },
      "9": {
        "start": { "line": 21, "column": 2 },
        "end": { "line": 21, "column": 20 }
      }
    },
    "fnMap": {
      "0": {
        "name": "getNumOfAliveNeighbours",
        "decl": {
          "start": { "line": 3, "column": 16 },
          "end": { "line": 3, "column": 39 }
        },
        "loc": {
          "start": { "line": 7, "column": 2 },
          "end": { "line": 22, "column": 1 }
        },
        "line": 7
      }
    },
    "branchMap": {},
    "s": {
      "0": 200,
      "1": 200,
      "2": 200,
      "3": 600,
      "4": 200,
      "5": 200,
      "6": 600,
      "7": 200,
      "8": 200,
      "9": 200
    },
    "f": { "0": 200 },
    "b": {},
    "_coverageSchema": "1a1c01bbd47fc00a2c39e90264f33305004495a9",
    "hash": "3ae296bddd5046a728fbd8d47c487db088b10068"
  },
  "/Users/pavelmakarov/Desktop/gameOfLife_test/gameOfLife/src/isAnyoneAlive.ts": {
    "path": "/Users/pavelmakarov/Desktop/gameOfLife_test/gameOfLife/src/isAnyoneAlive.ts",
    "statementMap": {
      "0": {
        "start": { "line": 2, "column": 2 },
        "end": { "line": 10, "column": 3 }
      },
      "1": {
        "start": { "line": 2, "column": 15 },
        "end": { "line": 2, "column": 16 }
      },
      "2": {
        "start": { "line": 3, "column": 16 },
        "end": { "line": 3, "column": 24 }
      },
      "3": {
        "start": { "line": 4, "column": 4 },
        "end": { "line": 9, "column": 5 }
      },
      "4": {
        "start": { "line": 4, "column": 17 },
        "end": { "line": 4, "column": 18 }
      },
      "5": {
        "start": { "line": 5, "column": 19 },
        "end": { "line": 5, "column": 25 }
      },
      "6": {
        "start": { "line": 6, "column": 6 },
        "end": { "line": 8, "column": 7 }
      },
      "7": {
        "start": { "line": 7, "column": 8 },
        "end": { "line": 7, "column": 20 }
      },
      "8": {
        "start": { "line": 11, "column": 2 },
        "end": { "line": 11, "column": 15 }
      }
    },
    "fnMap": {
      "0": {
        "name": "isAnyoneAlive",
        "decl": {
          "start": { "line": 1, "column": 16 },
          "end": { "line": 1, "column": 29 }
        },
        "loc": {
          "start": { "line": 1, "column": 49 },
          "end": { "line": 12, "column": 1 }
        },
        "line": 1
      }
    },
    "branchMap": {
      "0": {
        "loc": {
          "start": { "line": 6, "column": 6 },
          "end": { "line": 8, "column": 7 }
        },
        "type": "if",
        "locations": [
          {
            "start": { "line": 6, "column": 6 },
            "end": { "line": 8, "column": 7 }
          },
          { "start": {}, "end": {} }
        ],
        "line": 6
      }
    },
    "s": {
      "0": 2,
      "1": 2,
      "2": 20,
      "3": 20,
      "4": 20,
      "5": 200,
      "6": 200,
      "7": 0,
      "8": 2
    },
    "f": { "0": 2 },
    "b": { "0": [0, 200] },
    "_coverageSchema": "1a1c01bbd47fc00a2c39e90264f33305004495a9",
    "hash": "f5d7082798a1c788ce2f4bb73151c3307ee6fd5d"
  }
}
