TN:
SF:src/createGameOfLife.ts
FN:6,createGameOfLife
FN:26,fillField
FN:37,cellClickHandler
FN:51,checkInputColumns
FN:58,checkInputRows
FN:69,(anonymous_5)
FN:78,(anonymous_6)
FN:87,(anonymous_7)
FN:96,(anonymous_8)
FN:104,clearAndEnterSize
FN:114,(anonymous_10)
FN:120,(anonymous_11)
FN:125,minusSpeed
FN:128,(anonymous_13)
FN:139,plusSpeed
FN:142,(anonymous_15)
FN:159,(anonymous_16)
FN:163,stopGame
FN:168,startGame
FN:174,(anonymous_19)
FN:190,(anonymous_20)
FNF:21
FNH:11
FNDA:6,createGameOfLife
FNDA:6,fillField
FNDA:6,cellClickHandler
FNDA:6,checkInputColumns
FNDA:6,checkInputRows
FNDA:0,(anonymous_5)
FNDA:0,(anonymous_6)
FNDA:0,(anonymous_7)
FNDA:0,(anonymous_8)
FNDA:0,clearAndEnterSize
FNDA:0,(anonymous_10)
FNDA:0,(anonymous_11)
FNDA:6,minusSpeed
FNDA:0,(anonymous_13)
FNDA:6,plusSpeed
FNDA:0,(anonymous_15)
FNDA:0,(anonymous_16)
FNDA:4,stopGame
FNDA:4,startGame
FNDA:3,(anonymous_19)
FNDA:5,(anonymous_20)
DA:7,6
DA:8,6
DA:9,6
DA:10,6
DA:11,6
DA:12,6
DA:14,6
DA:24,6
DA:25,6
DA:27,6
DA:28,6
DA:29,60
DA:30,60
DA:31,600
DA:34,6
DA:36,6
DA:38,6
DA:39,6
DA:42,6
DA:44,6
DA:47,6
DA:50,6
DA:52,6
DA:53,6
DA:54,6
DA:59,6
DA:60,6
DA:61,6
DA:65,6
DA:66,6
DA:67,6
DA:68,6
DA:69,6
DA:70,0
DA:71,0
DA:72,0
DA:73,0
DA:76,6
DA:77,6
DA:78,6
DA:79,0
DA:80,0
DA:81,0
DA:82,0
DA:85,6
DA:86,6
DA:87,6
DA:88,0
DA:89,0
DA:90,0
DA:91,0
DA:94,6
DA:95,6
DA:96,6
DA:97,0
DA:98,0
DA:99,0
DA:100,0
DA:106,0
DA:108,0
DA:109,0
DA:110,0
DA:112,6
DA:113,6
DA:114,6
DA:115,0
DA:118,6
DA:119,6
DA:120,6
DA:121,0
DA:126,6
DA:127,6
DA:128,6
DA:129,0
DA:130,0
DA:131,0
DA:133,0
DA:138,6
DA:140,6
DA:141,6
DA:142,6
DA:143,0
DA:144,0
DA:145,0
DA:147,0
DA:148,0
DA:149,0
DA:150,0
DA:152,0
DA:157,6
DA:158,6
DA:159,6
DA:160,0
DA:161,0
DA:164,4
DA:165,4
DA:166,4
DA:171,4
DA:172,4
DA:174,4
DA:182,3
DA:183,3
DA:184,3
DA:185,3
DA:186,3
DA:190,6
DA:191,5
DA:192,4
DA:194,1
LF:109
LH:73
BRDA:38,0,0,5
BRDA:38,0,1,1
BRDA:52,1,0,6
BRDA:52,1,1,0
BRDA:53,2,0,6
BRDA:53,2,1,0
BRDA:53,3,0,6
BRDA:53,3,1,6
BRDA:59,4,0,6
BRDA:59,4,1,0
BRDA:60,5,0,6
BRDA:60,5,1,0
BRDA:60,6,0,6
BRDA:60,6,1,6
BRDA:68,7,0,6
BRDA:68,7,1,0
BRDA:77,8,0,6
BRDA:77,8,1,0
BRDA:86,9,0,6
BRDA:86,9,1,0
BRDA:95,10,0,6
BRDA:95,10,1,0
BRDA:113,11,0,6
BRDA:113,11,1,0
BRDA:119,12,0,6
BRDA:119,12,1,0
BRDA:127,13,0,6
BRDA:127,13,1,0
BRDA:129,14,0,0
BRDA:129,14,1,0
BRDA:141,15,0,6
BRDA:141,15,1,0
BRDA:143,16,0,0
BRDA:143,16,1,0
BRDA:148,17,0,0
BRDA:148,17,1,0
BRDA:184,18,0,3
BRDA:184,18,1,0
BRDA:191,19,0,4
BRDA:191,19,1,1
BRF:40
BRH:21
end_of_record
TN:
SF:src/drawField.ts
FN:3,drawField
FN:8,(anonymous_1)
FN:10,(anonymous_2)
FN:42,(anonymous_3)
FNF:4
FNH:3
FNDA:3,drawField
FNDA:5,(anonymous_1)
FNDA:11,(anonymous_2)
FNDA:0,(anonymous_3)
DA:8,3
DA:9,5
DA:11,11
DA:16,11
DA:17,3
DA:23,8
DA:24,1
DA:30,7
DA:38,3
DA:40,3
DA:42,3
DA:43,0
DA:45,0
DA:47,0
DA:48,0
DA:49,0
LF:16
LH:11
BRDA:16,0,0,3
BRDA:16,0,1,8
BRDA:16,1,0,11
BRDA:16,1,1,4
BRDA:16,1,2,7
BRDA:23,2,0,1
BRDA:23,2,1,7
BRDA:48,3,0,0
BRDA:48,3,1,0
BRDA:48,4,0,0
BRDA:48,4,1,0
BRF:11
BRH:7
end_of_record
TN:
SF:src/getCellState.ts
FN:1,getCellState
FNF:1
FNH:1
FNDA:2788,getCellState
DA:2,2788
DA:3,2788
DA:4,210
DA:6,2578
DA:7,2578
DA:8,186
DA:10,2392
LF:7
LH:7
BRDA:3,0,0,210
BRDA:3,0,1,2578
BRDA:7,1,0,186
BRDA:7,1,1,2392
BRF:4
BRH:4
end_of_record
TN:
SF:src/getNewCellState.ts
FN:1,getNewCellState
FNF:1
FNH:1
FNDA:318,getNewCellState
DA:5,318
DA:6,2
DA:8,316
DA:9,314
DA:11,2
DA:12,1
DA:14,1
LF:7
LH:7
BRDA:5,0,0,2
BRDA:5,0,1,316
BRDA:8,1,0,314
BRDA:8,1,1,2
BRDA:8,2,0,316
BRDA:8,2,1,306
BRDA:11,3,0,1
BRDA:11,3,1,1
BRDA:11,4,0,2
BRDA:11,4,1,2
BRF:10
BRH:10
end_of_record
TN:
SF:src/getNextState.ts
FN:5,getNextState
FN:6,(anonymous_1)
FN:7,(anonymous_2)
FNF:3
FNH:3
FNDA:3,getNextState
FNDA:30,(anonymous_1)
FNDA:300,(anonymous_2)
DA:6,3
DA:7,30
DA:8,300
DA:9,300
DA:10,300
DA:11,300
LF:6
LH:6
BRF:0
BRH:0
end_of_record
TN:
SF:src/getNumOfAliveNeighbours.ts
FN:3,getNumOfAliveNeighbours
FNF:1
FNH:1
FNDA:311,getNumOfAliveNeighbours
DA:8,311
DA:10,311
DA:11,933
DA:14,311
DA:15,933
DA:18,311
DA:19,311
DA:21,311
LF:8
LH:8
BRF:0
BRH:0
end_of_record
TN:
SF:src/gosperGliderGun.ts
FN:1,gosperGliderGun
FNF:1
FNH:0
FNDA:0,gosperGliderGun
DA:2,0
LF:1
LH:0
BRF:0
BRH:0
end_of_record
TN:
SF:src/isAnyoneAlive.ts
FN:1,isAnyoneAlive
FNF:1
FNH:1
FNDA:3,isAnyoneAlive
DA:2,3
DA:3,30
DA:4,30
DA:5,300
DA:6,300
DA:7,0
DA:11,3
LF:7
LH:6
BRDA:6,0,0,0
BRDA:6,0,1,300
BRF:2
BRH:1
end_of_record
