TN:
SF:src/createGameOfLife.ts
FN:5,createGameOfLife
FN:24,fillField
FN:35,cellClickHandler
FN:49,checkInputColumns
FN:56,checkInputRows
FN:67,(anonymous_5)
FN:76,(anonymous_6)
FN:85,(anonymous_7)
FN:94,(anonymous_8)
FN:102,clearAndEnterSize
FN:112,(anonymous_10)
FN:118,(anonymous_11)
FN:123,minusSpeed
FN:126,(anonymous_13)
FN:137,plusSpeed
FN:140,(anonymous_15)
FN:151,stopGame
FN:156,startGame
FN:162,(anonymous_18)
FN:178,(anonymous_19)
FNF:20
FNH:11
FNDA:6,createGameOfLife
FNDA:6,fillField
FNDA:6,cellClickHandler
FNDA:6,checkInputColumns
FNDA:6,checkInputRows
FNDA:0,(anonymous_5)
FNDA:0,(anonymous_6)
FNDA:0,(anonymous_7)
FNDA:0,(anonymous_8)
FNDA:0,clearAndEnterSize
FNDA:0,(anonymous_10)
FNDA:0,(anonymous_11)
FNDA:6,minusSpeed
FNDA:0,(anonymous_13)
FNDA:6,plusSpeed
FNDA:0,(anonymous_15)
FNDA:3,stopGame
FNDA:3,startGame
FNDA:2,(anonymous_18)
FNDA:4,(anonymous_19)
DA:6,6
DA:7,6
DA:8,6
DA:9,6
DA:10,6
DA:11,6
DA:13,6
DA:22,6
DA:23,6
DA:25,6
DA:26,6
DA:27,60
DA:28,60
DA:29,600
DA:32,6
DA:34,6
DA:36,6
DA:37,6
DA:40,6
DA:42,6
DA:45,6
DA:48,6
DA:50,6
DA:51,0
DA:52,0
DA:57,6
DA:58,0
DA:59,0
DA:63,6
DA:64,6
DA:65,6
DA:66,6
DA:67,0
DA:68,0
DA:69,0
DA:70,0
DA:71,0
DA:74,6
DA:75,6
DA:76,0
DA:77,0
DA:78,0
DA:79,0
DA:80,0
DA:83,6
DA:84,6
DA:85,0
DA:86,0
DA:87,0
DA:88,0
DA:89,0
DA:92,6
DA:93,6
DA:94,0
DA:95,0
DA:96,0
DA:97,0
DA:98,0
DA:104,0
DA:106,0
DA:107,0
DA:108,0
DA:110,6
DA:111,6
DA:112,0
DA:113,0
DA:116,6
DA:117,6
DA:118,0
DA:119,0
DA:124,6
DA:125,6
DA:126,0
DA:127,0
DA:128,0
DA:129,0
DA:131,0
DA:136,6
DA:138,6
DA:139,6
DA:140,0
DA:141,0
DA:142,0
DA:143,0
DA:145,0
DA:150,6
DA:152,3
DA:153,3
DA:154,3
DA:159,3
DA:160,3
DA:162,3
DA:170,2
DA:171,2
DA:172,2
DA:173,2
DA:174,2
DA:178,6
DA:179,4
DA:180,3
DA:182,1
LF:101
LH:59
BRDA:36,0,0,5
BRDA:36,0,1,1
BRDA:50,1,0,0
BRDA:50,1,1,6
BRDA:51,2,0,0
BRDA:51,2,1,0
BRDA:51,3,0,0
BRDA:51,3,1,0
BRDA:57,4,0,0
BRDA:57,4,1,6
BRDA:58,5,0,0
BRDA:58,5,1,0
BRDA:58,6,0,0
BRDA:58,6,1,0
BRDA:66,7,0,0
BRDA:66,7,1,6
BRDA:75,8,0,0
BRDA:75,8,1,6
BRDA:84,9,0,0
BRDA:84,9,1,6
BRDA:93,10,0,0
BRDA:93,10,1,6
BRDA:111,11,0,0
BRDA:111,11,1,6
BRDA:117,12,0,0
BRDA:117,12,1,6
BRDA:125,13,0,0
BRDA:125,13,1,6
BRDA:127,14,0,0
BRDA:127,14,1,0
BRDA:139,15,0,0
BRDA:139,15,1,6
BRDA:141,16,0,0
BRDA:141,16,1,0
BRDA:172,17,0,2
BRDA:172,17,1,0
BRDA:179,18,0,3
BRDA:179,18,1,1
BRF:38
BRH:15
end_of_record
TN:
SF:src/drawField.ts
FN:1,drawField
FN:6,(anonymous_1)
FN:8,(anonymous_2)
FN:28,(anonymous_3)
FNF:4
FNH:3
FNDA:3,drawField
FNDA:5,(anonymous_1)
FNDA:11,(anonymous_2)
FNDA:0,(anonymous_3)
DA:6,3
DA:7,5
DA:9,11
DA:10,4
DA:16,7
DA:24,3
DA:26,3
DA:28,3
DA:29,0
DA:31,0
DA:33,0
DA:34,0
DA:35,0
LF:13
LH:8
BRDA:9,0,0,4
BRDA:9,0,1,7
BRDA:34,1,0,0
BRDA:34,1,1,0
BRDA:34,2,0,0
BRDA:34,2,1,0
BRF:6
BRH:2
end_of_record
TN:
SF:src/getCellState.ts
FN:1,getCellState
FNF:1
FNH:1
FNDA:1800,getCellState
DA:2,1800
DA:3,1800
DA:4,120
DA:6,1680
DA:7,1680
DA:8,112
DA:10,1568
LF:7
LH:7
BRDA:3,0,0,120
BRDA:3,0,1,1680
BRDA:7,1,0,112
BRDA:7,1,1,1568
BRF:4
BRH:4
end_of_record
TN:
SF:src/getNewCellState.ts
FN:1,getNewCellState
FNF:1
FNH:1
FNDA:218,getNewCellState
DA:5,218
DA:6,2
DA:8,216
DA:9,214
DA:11,2
DA:12,1
DA:14,1
LF:7
LH:7
BRDA:5,0,0,2
BRDA:5,0,1,216
BRDA:8,1,0,214
BRDA:8,1,1,2
BRDA:8,2,0,216
BRDA:8,2,1,206
BRDA:11,3,0,1
BRDA:11,3,1,1
BRDA:11,4,0,2
BRDA:11,4,1,2
BRF:10
BRH:10
end_of_record
TN:
SF:src/getNextState.ts
FN:5,getNextState
FN:6,(anonymous_1)
FN:7,(anonymous_2)
FNF:3
FNH:3
FNDA:2,getNextState
FNDA:20,(anonymous_1)
FNDA:200,(anonymous_2)
DA:6,2
DA:7,20
DA:8,200
DA:9,200
DA:10,200
DA:11,200
LF:6
LH:6
BRF:0
BRH:0
end_of_record
TN:
SF:src/getNumOfAliveNeighbours.ts
FN:3,getNumOfAliveNeighbours
FNF:1
FNH:1
FNDA:200,getNumOfAliveNeighbours
DA:8,200
DA:10,200
DA:11,600
DA:14,200
DA:15,600
DA:18,200
DA:19,200
DA:21,200
LF:8
LH:8
BRF:0
BRH:0
end_of_record
TN:
SF:src/isAnyoneAlive.ts
FN:1,isAnyoneAlive
FNF:1
FNH:1
FNDA:2,isAnyoneAlive
DA:2,2
DA:3,20
DA:4,20
DA:5,200
DA:6,200
DA:7,0
DA:11,2
LF:7
LH:6
BRDA:6,0,0,0
BRDA:6,0,1,200
BRF:2
BRH:1
end_of_record
